#
# A fatal error has been detected by the Java Runtime Environment:
#
#  EXCEPTION_ACCESS_VIOLATION (0xc0000005) at pc=0x00007ffee5857a12, pid=20040, tid=17516
#
# JRE version: OpenJDK Runtime Environment (20.0.2+9) (build 20.0.2+9-78)
# Java VM: OpenJDK 64-Bit Server VM (20.0.2+9-78, mixed mode, sharing, tiered, compressed oops, compressed class ptrs, g1 gc, windows-amd64)
# Problematic frame:
# C  [igxelpicd64.dll+0xa7a12]
#
# No core dump will be written. Minidumps are not enabled by default on client versions of Windows
#
# If you would like to submit a bug report, please visit:
#   https://bugreport.java.com/bugreport/crash.jsp
#

---------------  S U M M A R Y ------------

Command Line: -javaagent:C:\Program Files\JetBrains\IntelliJ IDEA 2023.1.2\lib\idea_rt.jar=50630:C:\Program Files\JetBrains\IntelliJ IDEA 2023.1.2\bin -Dfile.encoding=UTF-8 -Dsun.stdout.encoding=UTF-8 -Dsun.stderr.encoding=UTF-8 ShadowDance

Host: 11th Gen Intel(R) Core(TM) i5-1135G7 @ 2.40GHz, 8 cores, 7G,  Windows 11 , 64 bit Build 22621 (10.0.22621.2215)
Time: Sat Sep 30 13:00:16 2023 AUS Eastern Standard Time elapsed time: 81.226858 seconds (0d 0h 1m 21s)

---------------  T H R E A D  ---------------

Current thread (0x0000021b367804e0):  VMThread "VM Thread" [stack: 0x00000062cfe00000,0x00000062cff00000] [id=17516]

Stack: [0x00000062cfe00000,0x00000062cff00000],  sp=0x00000062cfefe7d0,  free space=1017k
Native frames: (J=compiled Java code, j=interpreted, Vv=VM code, C=native code)
C  [igxelpicd64.dll+0xa7a12]


siginfo: EXCEPTION_ACCESS_VIOLATION (0xc0000005), reading address 0x0000000000035898


Registers:
RAX=0x0000021b08e537c0, RBX=0x0000021b08e53670, RCX=0x0000000000000000, RDX=0x00000000fffffff1
RSP=0x00000062cfefe7d0, RBP=0x0000000000000000, RSI=0x0000021b08e53c40, RDI=0x0000021b7c123dd0
R8 =0x0000000000000014, R9 =0x0000000000000001, R10=0x0000000000000000, R11=0x0000000000000246
R12=0x0000021b7c1a9500, R13=0x0000021b7c223030, R14=0x000000000016a300, R15=0x0000000000000016
RIP=0x00007ffee5857a12, EFLAGS=0x0000000000010206


Register to memory mapping:

RIP=0x00007ffee5857a12 igxelpicd64.dll
RAX=0x0000021b08e537c0 points into unknown readable memory: 0x000000000016a394 | 94 a3 16 00 00 00 00 00
RBX=0x0000021b08e53670 points into unknown readable memory: 0x0000021b7bd43a30 | 30 3a d4 7b 1b 02 00 00
RCX=0x0 is NULL
RDX=0x00000000fffffff1 is an unallocated location in the heap
RSP=0x00000062cfefe7d0 points into unknown readable memory: 0x0000021b7bd60410 | 10 04 d6 7b 1b 02 00 00
RBP=0x0 is NULL
RSI=0x0000021b08e53c40 points into unknown readable memory: 0x0000021b7c223030 | 30 30 22 7c 1b 02 00 00
RDI=0x0000021b7c123dd0 points into unknown readable memory: 0x0000021b7c21c301 | 01 c3 21 7c 1b 02 00 00
R8 =0x0000000000000014 is an unknown value
R9 =0x0000000000000001 is an unknown value
R10=0x0 is NULL
R11=0x0000000000000246 is an unknown value
R12=0x0000021b7c1a9500 points into unknown readable memory: 0x00007ffee64323d4 | d4 23 43 e6 fe 7f 00 00
R13=0x0000021b7c223030 points into unknown readable memory: 0x0000021b7bd43a30 | 30 3a d4 7b 1b 02 00 00
R14=0x000000000016a300 is an unknown value
R15=0x0000000000000016 is an unknown value


Top of Stack: (sp=0x00000062cfefe7d0)
0x00000062cfefe7d0:   0000021b7bd60410 0000000000000000
0x00000062cfefe7e0:   01730b9a02766799 00007fff86f12d94
0x00000062cfefe7f0:   0290659c02224d9c 00a8e09c02126f9c
0x00000062cfefe800:   029bd99d00929d9d 026b309e01901e9e
0x00000062cfefe810:   000000000000000d 000000000016a3c3
0x00000062cfefe820:   0000b80233c60000 0000021b7c1a9518
0x00000062cfefe830:   0000000000000000 0000000000000000
0x00000062cfefe840:   00000062cfefe950 00007ffee583d5bf
0x00000062cfefe850:   0000021b7bd60410 0000021b7c123dd0
0x00000062cfefe860:   01e9aea400025800 02ab2fa5022e0900
0x00000062cfefe870:   0000006200001bb8 02a2b3a500000000
0x00000062cfefe880:   0000000000000000 00b3e9a6029574a6
0x00000062cfefe890:   00adb8a700a836a7 023ee2a70133c2a7
0x00000062cfefe8a0:   024eeaa8023f72a8 01832eaa01d9ada9
0x00000062cfefe8b0:   015792aa022f2faa 022dceaa01fcb1aa
0x00000062cfefe8c0:   028ef8aa023ff6aa 01a750ab028b37ab
0x00000062cfefe8d0:   022bf4ab01c99fab 01d979ac021c4dac
0x00000062cfefe8e0:   01b82dad02338aac 0000021b7c1745c0
0x00000062cfefe8f0:   0000021b00200000 0000000000000060
0x00000062cfefe900:   0000b80233c60000 0000000000001bb8
0x00000062cfefe910:   0000000000000000 4000250000000001
0x00000062cfefe920:   0000000000000000 0000000000000000
0x00000062cfefe930:   0000000000000000 0000000000000000
0x00000062cfefe940:   0000000000000000 0000000000000000
0x00000062cfefe950:   0000000000000000 0000000000000000
0x00000062cfefe960:   0000000000000000 0000000000000000
0x00000062cfefe970:   0000000000000000 0000000000000000
0x00000062cfefe980:   0000000000000000 0000000000000000
0x00000062cfefe990:   0000000000000000 0000000000000000
0x00000062cfefe9a0:   0000000000000000 0000000000000000
0x00000062cfefe9b0:   0000000000000000 0000000000000000
0x00000062cfefe9c0:   0000000000000000 0000000000000000 

Instructions: (pc=0x00007ffee5857a12)
0x00007ffee5857912:   8b fa 48 8b e9 48 8b 1d a2 c5 f1 00 48 89 58 08
0x00007ffee5857922:   48 8b cb ff 15 fd 48 a9 00 90 4c 8b af 78 02 00
0x00007ffee5857932:   00 48 8b 05 26 6a e1 00 44 8b b8 a0 0b 00 00 45
0x00007ffee5857942:   33 d2 45 8a f2 4c 89 97 78 02 00 00 44 89 97 80
0x00007ffee5857952:   02 00 00 4c 89 97 a0 02 00 00 4c 89 97 88 02 00
0x00007ffee5857962:   00 48 85 ed 75 38 8b 35 32 9f f1 00 65 48 8b 04
0x00007ffee5857972:   25 58 00 00 00 b9 14 00 00 00 48 8b 04 f0 44 38
0x00007ffee5857982:   14 01 0f 84 56 a3 94 00 65 48 8b 04 25 58 00 00
0x00007ffee5857992:   00 bd 20 00 00 00 48 8b 04 f0 48 8b 2c 28 48 3b
0x00007ffee58579a2:   2d 89 ac f1 00 45 0f 44 fa 4d 85 ed 0f 84 2b 01
0x00007ffee58579b2:   00 00 44 8a a4 24 90 00 00 00 49 8b dd 49 8d b5
0x00007ffee58579c2:   d0 05 00 00 4c 8b 2e 45 84 e4 0f 85 39 03 00 00
0x00007ffee58579d2:   44 8b 8f c8 01 00 00 48 8b 05 80 69 e1 00 83 b8
0x00007ffee58579e2:   70 03 00 00 02 75 36 41 8d 51 f0 41 83 f9 10 0f
0x00007ffee58579f2:   83 2d 01 00 00 4a 8d 04 cd 21 00 00 00 49 03 c1
0x00007ffee5857a02:   48 8d 04 c3 48 85 c0 0f 85 03 01 00 00 49 8b ca
0x00007ffee5857a12:   48 3b 8d 98 58 03 00 0f 87 ce a2 94 00 48 8d 93
0x00007ffee5857a22:   08 01 00 00 4c 39 93 48 06 00 00 0f 85 39 a4 94
0x00007ffee5857a32:   00 44 8b 9f c8 01 00 00 48 8b 87 e0 01 00 00 4c
0x00007ffee5857a42:   8b 10 44 8b 87 c8 01 00 00 41 83 f8 10 0f 83 fc
0x00007ffee5857a52:   00 00 00 4b 8d 0c c0 48 8d 04 ca 48 85 c0 0f 85
0x00007ffee5857a62:   b5 00 00 00 33 c9 49 3b ca 0f 86 11 01 00 00 45
0x00007ffee5857a72:   33 d2 48 8b 87 78 02 00 00 48 89 06 48 89 9f 78
0x00007ffee5857a82:   02 00 00 ff 87 80 02 00 00 48 8b 43 08 48 8b 88
0x00007ffee5857a92:   18 01 00 00 48 81 e1 00 00 ff ff 48 81 c1 00 00
0x00007ffee5857aa2:   01 00 48 01 8f 88 02 00 00 48 8b 43 08 48 8b 88
0x00007ffee5857ab2:   18 01 00 00 48 01 8f a0 02 00 00 4d 85 ed 0f 85
0x00007ffee5857ac2:   f6 fe ff ff 45 84 f6 44 8a a4 24 98 00 00 00 0f
0x00007ffee5857ad2:   85 e1 a3 94 00 48 8b 9c 24 80 00 00 00 48 8b cf
0x00007ffee5857ae2:   45 84 e4 0f 85 30 02 00 00 e8 d0 fa ff ff 90 48
0x00007ffee5857af2:   8b cb 48 8b 9c 24 88 00 00 00 48 83 c4 40 41 5f
0x00007ffee5857b02:   41 5e 41 5d 41 5c 5f 5e 5d 48 ff 25 0e 47 a9 00 


Stack slot to memory mapping:
stack at sp + 0 slots: 0x0000021b7bd60410 points into unknown readable memory: 0xffffffffffffffff | ff ff ff ff ff ff ff ff
stack at sp + 1 slots: 0x0 is NULL
stack at sp + 2 slots: 0x01730b9a02766799 is an unknown value
stack at sp + 3 slots: 0x00007fff86f12d94 ntdll.dll
stack at sp + 4 slots: 0x0290659c02224d9c is an unknown value
stack at sp + 5 slots: 0x00a8e09c02126f9c is an unknown value
stack at sp + 6 slots: 0x029bd99d00929d9d is an unknown value
stack at sp + 7 slots: 0x026b309e01901e9e is an unknown value

VM_Operation (0x00000062cf5ff150): Exit, mode: safepoint, requested by thread 0x0000021b7b91fac0


---------------  P R O C E S S  ---------------

Threads class SMR info:
_java_thread_list=0x0000021b08c03e00, length=13, elements={
0x0000021b19f0a6d0, 0x0000021b367a1dd0, 0x0000021b367a3720, 0x0000021b367a4bd0,
0x0000021b367a5600, 0x0000021b367a7040, 0x0000021b367b31e0, 0x0000021b367b6fa0,
0x0000021b367b7a50, 0x0000021b7b9c46d0, 0x0000021b7bb892c0, 0x0000021b7bb89810,
0x0000021b7b91fac0
}

Java Threads: ( => current thread )
  0x0000021b19f0a6d0 JavaThread "main" [_thread_blocked, id=7132, stack(0x00000062cf800000,0x00000062cf900000)]
  0x0000021b367a1dd0 JavaThread "Reference Handler" daemon [_thread_blocked, id=20044, stack(0x00000062cff00000,0x00000062d0000000)]
  0x0000021b367a3720 JavaThread "Finalizer" daemon [_thread_blocked, id=10252, stack(0x00000062d0000000,0x00000062d0100000)]
  0x0000021b367a4bd0 JavaThread "Signal Dispatcher" daemon [_thread_blocked, id=10936, stack(0x00000062d0100000,0x00000062d0200000)]
  0x0000021b367a5600 JavaThread "Attach Listener" daemon [_thread_blocked, id=6332, stack(0x00000062d0200000,0x00000062d0300000)]
  0x0000021b367a7040 JavaThread "Service Thread" daemon [_thread_blocked, id=19152, stack(0x00000062d0300000,0x00000062d0400000)]
  0x0000021b367b31e0 JavaThread "Monitor Deflation Thread" daemon [_thread_blocked, id=1700, stack(0x00000062d0400000,0x00000062d0500000)]
  0x0000021b367b6fa0 JavaThread "C2 CompilerThread0" daemon [_thread_blocked, id=17920, stack(0x00000062d0500000,0x00000062d0600000)]
  0x0000021b367b7a50 JavaThread "C1 CompilerThread0" daemon [_thread_blocked, id=2468, stack(0x00000062d0600000,0x00000062d0700000)]
  0x0000021b7b9c46d0 JavaThread "Common-Cleaner" daemon [_thread_blocked, id=15576, stack(0x00000062d0700000,0x00000062d0800000)]
  0x0000021b7bb892c0 JavaThread "Monitor Ctrl-Break" daemon [_thread_in_native, id=1684, stack(0x00000062d0800000,0x00000062d0900000)]
  0x0000021b7bb89810 JavaThread "Notification Thread" daemon [_thread_blocked, id=4460, stack(0x00000062d0900000,0x00000062d0a00000)]
  0x0000021b7b91fac0 JavaThread "SIGINT handler" daemon [_thread_blocked, id=6552, stack(0x00000062cf500000,0x00000062cf600000)]

Other Threads:
=>0x0000021b367804e0 VMThread "VM Thread" [stack: 0x00000062cfe00000,0x00000062cff00000] [id=17516]
  0x0000021b19f68790 WorkerThread "GC Thread#0" [stack: 0x00000062cf900000,0x00000062cfa00000] [id=20100]
  0x0000021b08ca3720 WorkerThread "GC Thread#1" [stack: 0x00000062d1200000,0x00000062d1300000] [id=4192]
  0x0000021b7ba8b460 WorkerThread "GC Thread#2" [stack: 0x00000062d1300000,0x00000062d1400000] [id=16116]
  0x0000021b7bc6f460 WorkerThread "GC Thread#3" [stack: 0x00000062d1400000,0x00000062d1500000] [id=12860]
  0x0000021b7bc70270 WorkerThread "GC Thread#4" [stack: 0x00000062d1500000,0x00000062d1600000] [id=10496]
  0x0000021b7bc70810 WorkerThread "GC Thread#5" [stack: 0x00000062d1600000,0x00000062d1700000] [id=5596]
  0x0000021b7bc70540 WorkerThread "GC Thread#6" [stack: 0x00000062d1700000,0x00000062d1800000] [id=17904]
  0x0000021b7bc70ae0 WorkerThread "GC Thread#7" [stack: 0x00000062d1800000,0x00000062d1900000] [id=18364]
  0x0000021b19f78d20 ConcurrentGCThread "G1 Main Marker" terminated
  0x0000021b19f798f0 WorkerThread "G1 Conc#0" [stack: 0x00000062cfb00000,0x00000062cfc00000] [id=17248]
  0x0000021b3663f130 ConcurrentGCThread "G1 Refine#0" terminated
  0x0000021b3663fae0 ConcurrentGCThread "G1 Service" terminated

Threads with active compile tasks:

VM state: at safepoint (shutting down)

VM Mutex/Monitor currently owned by a thread:  ([mutex/lock_event])
[0x0000021b19f05000] Threads_lock - owner thread: 0x0000021b367804e0
[0x0000021b19f05a20] Heap_lock - owner thread: 0x0000021b7b91fac0

Heap address: 0x0000000084c00000, size: 1972 MB, Compressed Oops mode: 32-bit

CDS archive(s) mapped at: [0x0000021b36800000-0x0000021b37460000-0x0000021b37460000), size 12976128, SharedBaseAddress: 0x0000021b36800000, ArchiveRelocationMode: 1.
Compressed class space mapped at: 0x0000021b37800000-0x0000021b77800000, reserved size: 1073741824
Narrow klass base: 0x0000021b36800000, Narrow klass shift: 0, Narrow klass range: 0x100000000

GC Precious Log:
 CardTable entry size: 512
 Card Set container configuration: InlinePtr #cards 5 size 8 Array Of Cards #cards 12 size 40 Howl #buckets 4 coarsen threshold 1843 Howl Bitmap #cards 512 size 80 coarsen threshold 460 Card regions per heap region 1 cards per card region 2048
 CPUs: 8 total, 8 available
 Memory: 7883M
 Large Page Support: Disabled
 NUMA Support: Disabled
 Compressed Oops: Enabled (32-bit)
 Heap Region Size: 1M
 Heap Min Capacity: 8M
 Heap Initial Capacity: 124M
 Heap Max Capacity: 1972M
 Pre-touch: Disabled
 Parallel Workers: 8
 Concurrent Workers: 2
 Concurrent Refinement Workers: 8
 Periodic GC: Disabled

Heap:
 garbage-first heap   total 126976K, used 53984K [0x0000000084c00000, 0x0000000100000000)
  region size 1024K, 54 young (55296K), 3 survivors (3072K)
 Metaspace       used 4828K, committed 5056K, reserved 1114112K
  class space    used 294K, committed 384K, reserved 1048576K

Heap Regions: E=young(eden), S=young(survivor), O=old, HS=humongous(starts), HC=humongous(continues), CS=collection set, F=free, OA=open archive, CA=closed archive, TAMS=top-at-mark-start, PB=parsable bottom
|   0|0x0000000084c00000, 0x0000000084c00000, 0x0000000084d00000|  0%| F|  |TAMS 0x0000000084c00000| PB 0x0000000084c00000| Untracked 
|   1|0x0000000084d00000, 0x0000000084d00000, 0x0000000084e00000|  0%| F|  |TAMS 0x0000000084d00000| PB 0x0000000084d00000| Untracked 
|   2|0x0000000084e00000, 0x0000000084e00000, 0x0000000084f00000|  0%| F|  |TAMS 0x0000000084e00000| PB 0x0000000084e00000| Untracked 
|   3|0x0000000084f00000, 0x0000000084f00000, 0x0000000085000000|  0%| F|  |TAMS 0x0000000084f00000| PB 0x0000000084f00000| Untracked 
|   4|0x0000000085000000, 0x0000000085000000, 0x0000000085100000|  0%| F|  |TAMS 0x0000000085000000| PB 0x0000000085000000| Untracked 
|   5|0x0000000085100000, 0x0000000085100000, 0x0000000085200000|  0%| F|  |TAMS 0x0000000085100000| PB 0x0000000085100000| Untracked 
|   6|0x0000000085200000, 0x0000000085200000, 0x0000000085300000|  0%| F|  |TAMS 0x0000000085200000| PB 0x0000000085200000| Untracked 
|   7|0x0000000085300000, 0x0000000085300000, 0x0000000085400000|  0%| F|  |TAMS 0x0000000085300000| PB 0x0000000085300000| Untracked 
|   8|0x0000000085400000, 0x0000000085400000, 0x0000000085500000|  0%| F|  |TAMS 0x0000000085400000| PB 0x0000000085400000| Untracked 
|   9|0x0000000085500000, 0x0000000085500000, 0x0000000085600000|  0%| F|  |TAMS 0x0000000085500000| PB 0x0000000085500000| Untracked 
|  10|0x0000000085600000, 0x0000000085600000, 0x0000000085700000|  0%| F|  |TAMS 0x0000000085600000| PB 0x0000000085600000| Untracked 
|  11|0x0000000085700000, 0x0000000085700000, 0x0000000085800000|  0%| F|  |TAMS 0x0000000085700000| PB 0x0000000085700000| Untracked 
|  12|0x0000000085800000, 0x0000000085800000, 0x0000000085900000|  0%| F|  |TAMS 0x0000000085800000| PB 0x0000000085800000| Untracked 
|  13|0x0000000085900000, 0x0000000085900000, 0x0000000085a00000|  0%| F|  |TAMS 0x0000000085900000| PB 0x0000000085900000| Untracked 
|  14|0x0000000085a00000, 0x0000000085a00000, 0x0000000085b00000|  0%| F|  |TAMS 0x0000000085a00000| PB 0x0000000085a00000| Untracked 
|  15|0x0000000085b00000, 0x0000000085b00000, 0x0000000085c00000|  0%| F|  |TAMS 0x0000000085b00000| PB 0x0000000085b00000| Untracked 
|  16|0x0000000085c00000, 0x0000000085c00000, 0x0000000085d00000|  0%| F|  |TAMS 0x0000000085c00000| PB 0x0000000085c00000| Untracked 
|  17|0x0000000085d00000, 0x0000000085d00000, 0x0000000085e00000|  0%| F|  |TAMS 0x0000000085d00000| PB 0x0000000085d00000| Untracked 
|  18|0x0000000085e00000, 0x0000000085e00000, 0x0000000085f00000|  0%| F|  |TAMS 0x0000000085e00000| PB 0x0000000085e00000| Untracked 
|  19|0x0000000085f00000, 0x0000000085f00000, 0x0000000086000000|  0%| F|  |TAMS 0x0000000085f00000| PB 0x0000000085f00000| Untracked 
|  20|0x0000000086000000, 0x0000000086000000, 0x0000000086100000|  0%| F|  |TAMS 0x0000000086000000| PB 0x0000000086000000| Untracked 
|  21|0x0000000086100000, 0x0000000086100000, 0x0000000086200000|  0%| F|  |TAMS 0x0000000086100000| PB 0x0000000086100000| Untracked 
|  22|0x0000000086200000, 0x0000000086200000, 0x0000000086300000|  0%| F|  |TAMS 0x0000000086200000| PB 0x0000000086200000| Untracked 
|  23|0x0000000086300000, 0x0000000086300000, 0x0000000086400000|  0%| F|  |TAMS 0x0000000086300000| PB 0x0000000086300000| Untracked 
|  24|0x0000000086400000, 0x0000000086400000, 0x0000000086500000|  0%| F|  |TAMS 0x0000000086400000| PB 0x0000000086400000| Untracked 
|  25|0x0000000086500000, 0x0000000086500000, 0x0000000086600000|  0%| F|  |TAMS 0x0000000086500000| PB 0x0000000086500000| Untracked 
|  26|0x0000000086600000, 0x0000000086600000, 0x0000000086700000|  0%| F|  |TAMS 0x0000000086600000| PB 0x0000000086600000| Untracked 
|  27|0x0000000086700000, 0x0000000086700000, 0x0000000086800000|  0%| F|  |TAMS 0x0000000086700000| PB 0x0000000086700000| Untracked 
|  28|0x0000000086800000, 0x0000000086800000, 0x0000000086900000|  0%| F|  |TAMS 0x0000000086800000| PB 0x0000000086800000| Untracked 
|  29|0x0000000086900000, 0x0000000086900000, 0x0000000086a00000|  0%| F|  |TAMS 0x0000000086900000| PB 0x0000000086900000| Untracked 
|  30|0x0000000086a00000, 0x0000000086a00000, 0x0000000086b00000|  0%| F|  |TAMS 0x0000000086a00000| PB 0x0000000086a00000| Untracked 
|  31|0x0000000086b00000, 0x0000000086b00000, 0x0000000086c00000|  0%| F|  |TAMS 0x0000000086b00000| PB 0x0000000086b00000| Untracked 
|  32|0x0000000086c00000, 0x0000000086c00000, 0x0000000086d00000|  0%| F|  |TAMS 0x0000000086c00000| PB 0x0000000086c00000| Untracked 
|  33|0x0000000086d00000, 0x0000000086d00000, 0x0000000086e00000|  0%| F|  |TAMS 0x0000000086d00000| PB 0x0000000086d00000| Untracked 
|  34|0x0000000086e00000, 0x0000000086e00000, 0x0000000086f00000|  0%| F|  |TAMS 0x0000000086e00000| PB 0x0000000086e00000| Untracked 
|  35|0x0000000086f00000, 0x0000000086f00000, 0x0000000087000000|  0%| F|  |TAMS 0x0000000086f00000| PB 0x0000000086f00000| Untracked 
|  36|0x0000000087000000, 0x0000000087000000, 0x0000000087100000|  0%| F|  |TAMS 0x0000000087000000| PB 0x0000000087000000| Untracked 
|  37|0x0000000087100000, 0x0000000087100000, 0x0000000087200000|  0%| F|  |TAMS 0x0000000087100000| PB 0x0000000087100000| Untracked 
|  38|0x0000000087200000, 0x0000000087200000, 0x0000000087300000|  0%| F|  |TAMS 0x0000000087200000| PB 0x0000000087200000| Untracked 
|  39|0x0000000087300000, 0x0000000087300000, 0x0000000087400000|  0%| F|  |TAMS 0x0000000087300000| PB 0x0000000087300000| Untracked 
|  40|0x0000000087400000, 0x0000000087400000, 0x0000000087500000|  0%| F|  |TAMS 0x0000000087400000| PB 0x0000000087400000| Untracked 
|  41|0x0000000087500000, 0x0000000087500000, 0x0000000087600000|  0%| F|  |TAMS 0x0000000087500000| PB 0x0000000087500000| Untracked 
|  42|0x0000000087600000, 0x0000000087600000, 0x0000000087700000|  0%| F|  |TAMS 0x0000000087600000| PB 0x0000000087600000| Untracked 
|  43|0x0000000087700000, 0x0000000087700000, 0x0000000087800000|  0%| F|  |TAMS 0x0000000087700000| PB 0x0000000087700000| Untracked 
|  44|0x0000000087800000, 0x0000000087800000, 0x0000000087900000|  0%| F|  |TAMS 0x0000000087800000| PB 0x0000000087800000| Untracked 
|  45|0x0000000087900000, 0x0000000087900000, 0x0000000087a00000|  0%| F|  |TAMS 0x0000000087900000| PB 0x0000000087900000| Untracked 
|  46|0x0000000087a00000, 0x0000000087a00000, 0x0000000087b00000|  0%| F|  |TAMS 0x0000000087a00000| PB 0x0000000087a00000| Untracked 
|  47|0x0000000087b00000, 0x0000000087b00000, 0x0000000087c00000|  0%| F|  |TAMS 0x0000000087b00000| PB 0x0000000087b00000| Untracked 
|  48|0x0000000087c00000, 0x0000000087c00000, 0x0000000087d00000|  0%| F|  |TAMS 0x0000000087c00000| PB 0x0000000087c00000| Untracked 
|  49|0x0000000087d00000, 0x0000000087d00000, 0x0000000087e00000|  0%| F|  |TAMS 0x0000000087d00000| PB 0x0000000087d00000| Untracked 
|  50|0x0000000087e00000, 0x0000000087e00000, 0x0000000087f00000|  0%| F|  |TAMS 0x0000000087e00000| PB 0x0000000087e00000| Untracked 
|  51|0x0000000087f00000, 0x0000000087f00000, 0x0000000088000000|  0%| F|  |TAMS 0x0000000087f00000| PB 0x0000000087f00000| Untracked 
|  52|0x0000000088000000, 0x0000000088000000, 0x0000000088100000|  0%| F|  |TAMS 0x0000000088000000| PB 0x0000000088000000| Untracked 
|  53|0x0000000088100000, 0x0000000088100000, 0x0000000088200000|  0%| F|  |TAMS 0x0000000088100000| PB 0x0000000088100000| Untracked 
|  54|0x0000000088200000, 0x0000000088200000, 0x0000000088300000|  0%| F|  |TAMS 0x0000000088200000| PB 0x0000000088200000| Untracked 
|  55|0x0000000088300000, 0x0000000088300000, 0x0000000088400000|  0%| F|  |TAMS 0x0000000088300000| PB 0x0000000088300000| Untracked 
|  56|0x0000000088400000, 0x0000000088400000, 0x0000000088500000|  0%| F|  |TAMS 0x0000000088400000| PB 0x0000000088400000| Untracked 
|  57|0x0000000088500000, 0x0000000088500000, 0x0000000088600000|  0%| F|  |TAMS 0x0000000088500000| PB 0x0000000088500000| Untracked 
|  58|0x0000000088600000, 0x0000000088600000, 0x0000000088700000|  0%| F|  |TAMS 0x0000000088600000| PB 0x0000000088600000| Untracked 
|  59|0x0000000088700000, 0x0000000088700000, 0x0000000088800000|  0%| F|  |TAMS 0x0000000088700000| PB 0x0000000088700000| Untracked 
|  60|0x0000000088800000, 0x0000000088800000, 0x0000000088900000|  0%| F|  |TAMS 0x0000000088800000| PB 0x0000000088800000| Untracked 
|  61|0x0000000088900000, 0x0000000088900000, 0x0000000088a00000|  0%| F|  |TAMS 0x0000000088900000| PB 0x0000000088900000| Untracked 
|  62|0x0000000088a00000, 0x0000000088a00000, 0x0000000088b00000|  0%| F|  |TAMS 0x0000000088a00000| PB 0x0000000088a00000| Untracked 
|  63|0x0000000088b00000, 0x0000000088b00000, 0x0000000088c00000|  0%| F|  |TAMS 0x0000000088b00000| PB 0x0000000088b00000| Untracked 
|  64|0x0000000088c00000, 0x0000000088c00000, 0x0000000088d00000|  0%| F|  |TAMS 0x0000000088c00000| PB 0x0000000088c00000| Untracked 
|  65|0x0000000088d00000, 0x0000000088d00000, 0x0000000088e00000|  0%| F|  |TAMS 0x0000000088d00000| PB 0x0000000088d00000| Untracked 
|  66|0x0000000088e00000, 0x0000000088e00000, 0x0000000088f00000|  0%| F|  |TAMS 0x0000000088e00000| PB 0x0000000088e00000| Untracked 
|  67|0x0000000088f00000, 0x0000000088f00000, 0x0000000089000000|  0%| F|  |TAMS 0x0000000088f00000| PB 0x0000000088f00000| Untracked 
|  68|0x0000000089000000, 0x0000000089000000, 0x0000000089100000|  0%| F|  |TAMS 0x0000000089000000| PB 0x0000000089000000| Untracked 
|  69|0x0000000089100000, 0x0000000089100000, 0x0000000089200000|  0%| F|  |TAMS 0x0000000089100000| PB 0x0000000089100000| Untracked 
|  70|0x0000000089200000, 0x000000008925b698, 0x0000000089300000| 35%| E|  |TAMS 0x0000000089200000| PB 0x0000000089200000| Complete 
|  71|0x0000000089300000, 0x0000000089400000, 0x0000000089400000|100%| E|CS|TAMS 0x0000000089300000| PB 0x0000000089300000| Complete 
|  72|0x0000000089400000, 0x0000000089500000, 0x0000000089500000|100%| E|CS|TAMS 0x0000000089400000| PB 0x0000000089400000| Complete 
|  73|0x0000000089500000, 0x0000000089600000, 0x0000000089600000|100%| E|CS|TAMS 0x0000000089500000| PB 0x0000000089500000| Complete 
|  74|0x0000000089600000, 0x0000000089700000, 0x0000000089700000|100%| E|CS|TAMS 0x0000000089600000| PB 0x0000000089600000| Complete 
|  75|0x0000000089700000, 0x0000000089800000, 0x0000000089800000|100%| E|CS|TAMS 0x0000000089700000| PB 0x0000000089700000| Complete 
|  76|0x0000000089800000, 0x0000000089900000, 0x0000000089900000|100%| E|CS|TAMS 0x0000000089800000| PB 0x0000000089800000| Complete 
|  77|0x0000000089900000, 0x0000000089a00000, 0x0000000089a00000|100%| E|CS|TAMS 0x0000000089900000| PB 0x0000000089900000| Complete 
|  78|0x0000000089a00000, 0x0000000089b00000, 0x0000000089b00000|100%| E|CS|TAMS 0x0000000089a00000| PB 0x0000000089a00000| Complete 
|  79|0x0000000089b00000, 0x0000000089c00000, 0x0000000089c00000|100%| E|CS|TAMS 0x0000000089b00000| PB 0x0000000089b00000| Complete 
|  80|0x0000000089c00000, 0x0000000089d00000, 0x0000000089d00000|100%| E|CS|TAMS 0x0000000089c00000| PB 0x0000000089c00000| Complete 
|  81|0x0000000089d00000, 0x0000000089e00000, 0x0000000089e00000|100%| E|CS|TAMS 0x0000000089d00000| PB 0x0000000089d00000| Complete 
|  82|0x0000000089e00000, 0x0000000089f00000, 0x0000000089f00000|100%| E|CS|TAMS 0x0000000089e00000| PB 0x0000000089e00000| Complete 
|  83|0x0000000089f00000, 0x000000008a000000, 0x000000008a000000|100%| E|CS|TAMS 0x0000000089f00000| PB 0x0000000089f00000| Complete 
|  84|0x000000008a000000, 0x000000008a0b8290, 0x000000008a100000| 71%| S|CS|TAMS 0x000000008a000000| PB 0x000000008a000000| Complete 
|  85|0x000000008a100000, 0x000000008a200000, 0x000000008a200000|100%| S|CS|TAMS 0x000000008a100000| PB 0x000000008a100000| Complete 
|  86|0x000000008a200000, 0x000000008a300000, 0x000000008a300000|100%| S|CS|TAMS 0x000000008a200000| PB 0x000000008a200000| Complete 
|  87|0x000000008a300000, 0x000000008a400000, 0x000000008a400000|100%| E|CS|TAMS 0x000000008a300000| PB 0x000000008a300000| Complete 
|  88|0x000000008a400000, 0x000000008a500000, 0x000000008a500000|100%| E|CS|TAMS 0x000000008a400000| PB 0x000000008a400000| Complete 
|  89|0x000000008a500000, 0x000000008a600000, 0x000000008a600000|100%| E|CS|TAMS 0x000000008a500000| PB 0x000000008a500000| Complete 
|  90|0x000000008a600000, 0x000000008a700000, 0x000000008a700000|100%| E|CS|TAMS 0x000000008a600000| PB 0x000000008a600000| Complete 
|  91|0x000000008a700000, 0x000000008a800000, 0x000000008a800000|100%| E|CS|TAMS 0x000000008a700000| PB 0x000000008a700000| Complete 
|  92|0x000000008a800000, 0x000000008a900000, 0x000000008a900000|100%| E|CS|TAMS 0x000000008a800000| PB 0x000000008a800000| Complete 
|  93|0x000000008a900000, 0x000000008aa00000, 0x000000008aa00000|100%| E|CS|TAMS 0x000000008a900000| PB 0x000000008a900000| Complete 
|  94|0x000000008aa00000, 0x000000008ab00000, 0x000000008ab00000|100%| E|CS|TAMS 0x000000008aa00000| PB 0x000000008aa00000| Complete 
|  95|0x000000008ab00000, 0x000000008ac00000, 0x000000008ac00000|100%| E|CS|TAMS 0x000000008ab00000| PB 0x000000008ab00000| Complete 
|  96|0x000000008ac00000, 0x000000008ad00000, 0x000000008ad00000|100%| E|CS|TAMS 0x000000008ac00000| PB 0x000000008ac00000| Complete 
|  97|0x000000008ad00000, 0x000000008ae00000, 0x000000008ae00000|100%| E|CS|TAMS 0x000000008ad00000| PB 0x000000008ad00000| Complete 
|  98|0x000000008ae00000, 0x000000008af00000, 0x000000008af00000|100%| E|CS|TAMS 0x000000008ae00000| PB 0x000000008ae00000| Complete 
|  99|0x000000008af00000, 0x000000008b000000, 0x000000008b000000|100%| E|CS|TAMS 0x000000008af00000| PB 0x000000008af00000| Complete 
| 100|0x000000008b000000, 0x000000008b100000, 0x000000008b100000|100%| E|CS|TAMS 0x000000008b000000| PB 0x000000008b000000| Complete 
| 101|0x000000008b100000, 0x000000008b200000, 0x000000008b200000|100%| E|CS|TAMS 0x000000008b100000| PB 0x000000008b100000| Complete 
| 102|0x000000008b200000, 0x000000008b300000, 0x000000008b300000|100%| E|CS|TAMS 0x000000008b200000| PB 0x000000008b200000| Complete 
| 103|0x000000008b300000, 0x000000008b400000, 0x000000008b400000|100%| E|CS|TAMS 0x000000008b300000| PB 0x000000008b300000| Complete 
| 104|0x000000008b400000, 0x000000008b500000, 0x000000008b500000|100%| E|CS|TAMS 0x000000008b400000| PB 0x000000008b400000| Complete 
| 105|0x000000008b500000, 0x000000008b600000, 0x000000008b600000|100%| E|CS|TAMS 0x000000008b500000| PB 0x000000008b500000| Complete 
| 106|0x000000008b600000, 0x000000008b700000, 0x000000008b700000|100%| E|CS|TAMS 0x000000008b600000| PB 0x000000008b600000| Complete 
| 107|0x000000008b700000, 0x000000008b800000, 0x000000008b800000|100%| E|CS|TAMS 0x000000008b700000| PB 0x000000008b700000| Complete 
| 108|0x000000008b800000, 0x000000008b900000, 0x000000008b900000|100%| E|CS|TAMS 0x000000008b800000| PB 0x000000008b800000| Complete 
| 109|0x000000008b900000, 0x000000008ba00000, 0x000000008ba00000|100%| E|CS|TAMS 0x000000008b900000| PB 0x000000008b900000| Complete 
| 110|0x000000008ba00000, 0x000000008bb00000, 0x000000008bb00000|100%| E|CS|TAMS 0x000000008ba00000| PB 0x000000008ba00000| Complete 
| 111|0x000000008bb00000, 0x000000008bc00000, 0x000000008bc00000|100%| E|CS|TAMS 0x000000008bb00000| PB 0x000000008bb00000| Complete 
| 112|0x000000008bc00000, 0x000000008bd00000, 0x000000008bd00000|100%| E|CS|TAMS 0x000000008bc00000| PB 0x000000008bc00000| Complete 
| 113|0x000000008bd00000, 0x000000008be00000, 0x000000008be00000|100%| E|CS|TAMS 0x000000008bd00000| PB 0x000000008bd00000| Complete 
| 114|0x000000008be00000, 0x000000008bf00000, 0x000000008bf00000|100%| E|CS|TAMS 0x000000008be00000| PB 0x000000008be00000| Complete 
| 115|0x000000008bf00000, 0x000000008c000000, 0x000000008c000000|100%| E|CS|TAMS 0x000000008bf00000| PB 0x000000008bf00000| Complete 
| 116|0x000000008c000000, 0x000000008c100000, 0x000000008c100000|100%| E|CS|TAMS 0x000000008c000000| PB 0x000000008c000000| Complete 
| 117|0x000000008c100000, 0x000000008c200000, 0x000000008c200000|100%| E|CS|TAMS 0x000000008c100000| PB 0x000000008c100000| Complete 
| 118|0x000000008c200000, 0x000000008c300000, 0x000000008c300000|100%| E|CS|TAMS 0x000000008c200000| PB 0x000000008c200000| Complete 
| 119|0x000000008c300000, 0x000000008c400000, 0x000000008c400000|100%| E|CS|TAMS 0x000000008c300000| PB 0x000000008c300000| Complete 
| 120|0x000000008c400000, 0x000000008c500000, 0x000000008c500000|100%| E|CS|TAMS 0x000000008c400000| PB 0x000000008c400000| Complete 
| 121|0x000000008c500000, 0x000000008c600000, 0x000000008c600000|100%| E|CS|TAMS 0x000000008c500000| PB 0x000000008c500000| Complete 
| 122|0x000000008c600000, 0x000000008c700000, 0x000000008c700000|100%| E|CS|TAMS 0x000000008c600000| PB 0x000000008c600000| Complete 
| 123|0x000000008c700000, 0x000000008c800000, 0x000000008c800000|100%| E|CS|TAMS 0x000000008c700000| PB 0x000000008c700000| Complete 

Card table byte_map: [0x0000021b316e0000,0x0000021b31ac0000] _byte_map_base: 0x0000021b312ba000

Marking Bits: (CMBitMap*) 0x0000021b19f68dc0
 Bits: [0x0000021b31ea0000, 0x0000021b33d70000)

Polling page: 0x0000021b196d0000

Metaspace:

Usage:
  Non-class:      4.43 MB used.
      Class:    294.05 KB used.
       Both:      4.71 MB used.

Virtual space:
  Non-class space:       64.00 MB reserved,       4.56 MB (  7%) committed,  1 nodes.
      Class space:        1.00 GB reserved,     384.00 KB ( <1%) committed,  1 nodes.
             Both:        1.06 GB reserved,       4.94 MB ( <1%) committed. 

Chunk freelists:
   Non-Class:  1.45 MB
       Class:  3.57 MB
        Both:  5.02 MB

MaxMetaspaceSize: unlimited
CompressedClassSpaceSize: 1.00 GB
Initial GC threshold: 21.00 MB
Current GC threshold: 21.00 MB
CDS: on
MetaspaceReclaimPolicy: balanced
 - commit_granule_bytes: 65536.
 - commit_granule_words: 8192.
 - virtual_space_node_default_size: 8388608.
 - enlarge_chunks_in_place: 1.
 - new_chunks_are_fully_committed: 0.
 - uncommit_free_chunks: 1.
 - use_allocation_guard: 0.


Internal statistics:

num_allocs_failed_limit: 0.
num_arena_births: 132.
num_arena_deaths: 0.
num_vsnodes_births: 2.
num_vsnodes_deaths: 0.
num_space_committed: 77.
num_space_uncommitted: 0.
num_chunks_returned_to_freelist: 0.
num_chunks_taken_from_freelist: 263.
num_chunk_merges: 0.
num_chunk_splits: 165.
num_chunks_enlarged: 110.
num_inconsistent_stats: 0.

CodeHeap 'non-profiled nmethods': size=120000Kb used=433Kb max_used=433Kb free=119566Kb
 bounds [0x0000021b29aa0000, 0x0000021b29d10000, 0x0000021b30fd0000]
CodeHeap 'profiled nmethods': size=120000Kb used=1497Kb max_used=1497Kb free=118502Kb
 bounds [0x0000021b21fd0000, 0x0000021b22240000, 0x0000021b29500000]
CodeHeap 'non-nmethods': size=5760Kb used=2409Kb max_used=2429Kb free=3350Kb
 bounds [0x0000021b29500000, 0x0000021b29770000, 0x0000021b29aa0000]
 total_blobs=2136 nmethods=1064 adapters=983
 compilation: enabled
              stopped_count=0, restarted_count=0
 full_count=0

Compilation events (20 events):
Event: 63.643 Thread 0x0000021b367b6fa0 1056       4       java.lang.ThreadLocal::get (47 bytes)
Event: 63.645 Thread 0x0000021b367b6fa0 nmethod 1056 0x0000021b29b07510 code [0x0000021b29b076a0, 0x0000021b29b07840]
Event: 64.011 Thread 0x0000021b367b6fa0 1057       4       jdk.internal.misc.Unsafe::allocateUninitializedArray (55 bytes)
Event: 64.012 Thread 0x0000021b367b6fa0 nmethod 1057 0x0000021b29b07a90 code [0x0000021b29b07c00, 0x0000021b29b07da8]
Event: 65.310 Thread 0x0000021b367b6fa0 1058       4       java.lang.Integer::stringSize (47 bytes)
Event: 65.311 Thread 0x0000021b367b6fa0 nmethod 1058 0x0000021b29b07f10 code [0x0000021b29b08080, 0x0000021b29b08168]
Event: 65.443 Thread 0x0000021b367b6fa0 1059   !   4       java.nio.DirectFloatBufferU::put (37 bytes)
Event: 65.443 Thread 0x0000021b367b6fa0 nmethod 1059 0x0000021b29b08210 code [0x0000021b29b08380, 0x0000021b29b08488]
Event: 67.442 Thread 0x0000021b367b6fa0 1060       4       java.lang.StringConcatHelper::prepend (37 bytes)
Event: 67.443 Thread 0x0000021b367b6fa0 nmethod 1060 0x0000021b29b08590 code [0x0000021b29b08700, 0x0000021b29b089f0]
Event: 70.725 Thread 0x0000021b367b6fa0 1061       4       Level::displayLanes (37 bytes)
Event: 70.728 Thread 0x0000021b367b6fa0 nmethod 1061 0x0000021b29b08b90 code [0x0000021b29b08d20, 0x0000021b29b08f68]
Event: 71.608 Thread 0x0000021b367b6fa0 1062       4       java.lang.StringConcatHelper::newString (67 bytes)
Event: 71.609 Thread 0x0000021b367b6fa0 nmethod 1062 0x0000021b29b09290 code [0x0000021b29b09400, 0x0000021b29b09500]
Event: 73.840 Thread 0x0000021b367b6fa0 1063       4       java.lang.Integer::getChars (121 bytes)
Event: 73.851 Thread 0x0000021b367b6fa0 nmethod 1063 0x0000021b29b09610 code [0x0000021b29b097a0, 0x0000021b29b09c40]
Event: 74.174 Thread 0x0000021b367b6fa0 1064       4       java.lang.StringConcatHelper::prepend (22 bytes)
Event: 74.184 Thread 0x0000021b367b6fa0 nmethod 1064 0x0000021b29b09f10 code [0x0000021b29b0a0a0, 0x0000021b29b0a880]
Event: 77.473 Thread 0x0000021b367b6fa0 1065   !   4       bagel.InternalFont::getWidth (221 bytes)
Event: 77.497 Thread 0x0000021b367b6fa0 nmethod 1065 0x0000021b29b0ad10 code [0x0000021b29b0af20, 0x0000021b29b0b988]

GC Heap History (4 events):
Event: 24.941 GC heap before
{Heap before GC invocations=0 (full 0):
 garbage-first heap   total 126976K, used 23552K [0x0000000084c00000, 0x0000000100000000)
  region size 1024K, 23 young (23552K), 0 survivors (0K)
 Metaspace       used 4820K, committed 4992K, reserved 1114112K
  class space    used 293K, committed 384K, reserved 1048576K
}
Event: 24.946 GC heap after
{Heap after GC invocations=1 (full 0):
 garbage-first heap   total 126976K, used 2816K [0x0000000084c00000, 0x0000000100000000)
  region size 1024K, 3 young (3072K), 3 survivors (3072K)
 Metaspace       used 4820K, committed 4992K, reserved 1114112K
  class space    used 293K, committed 384K, reserved 1048576K
}
Event: 52.565 GC heap before
{Heap before GC invocations=1 (full 0):
 garbage-first heap   total 126976K, used 37632K [0x0000000084c00000, 0x0000000100000000)
  region size 1024K, 37 young (37888K), 3 survivors (3072K)
 Metaspace       used 4825K, committed 5056K, reserved 1114112K
  class space    used 293K, committed 384K, reserved 1048576K
}
Event: 52.569 GC heap after
{Heap after GC invocations=2 (full 0):
 garbage-first heap   total 126976K, used 2784K [0x0000000084c00000, 0x0000000100000000)
  region size 1024K, 3 young (3072K), 3 survivors (3072K)
 Metaspace       used 4825K, committed 5056K, reserved 1114112K
  class space    used 293K, committed 384K, reserved 1048576K
}

Dll operation events (13 events):
Event: 0.007 Loaded shared library C:\Users\erigu\.jdks\openjdk-20.0.2\bin\java.dll
Event: 0.024 Loaded shared library C:\Users\erigu\.jdks\openjdk-20.0.2\bin\jsvml.dll
Event: 0.068 Loaded shared library C:\Users\erigu\.jdks\openjdk-20.0.2\bin\zip.dll
Event: 0.071 Loaded shared library C:\Users\erigu\.jdks\openjdk-20.0.2\bin\instrument.dll
Event: 0.074 Loaded shared library C:\Users\erigu\.jdks\openjdk-20.0.2\bin\net.dll
Event: 0.076 Loaded shared library C:\Users\erigu\.jdks\openjdk-20.0.2\bin\nio.dll
Event: 0.079 Loaded shared library C:\Users\erigu\.jdks\openjdk-20.0.2\bin\zip.dll
Event: 0.093 Loaded shared library C:\Program Files\JetBrains\IntelliJ IDEA 2023.1.2\bin\breakgen64.dll
Event: 0.099 Loaded shared library C:\Users\erigu\.jdks\openjdk-20.0.2\bin\extnet.dll
Event: 0.125 Loaded shared library C:\Users\erigu\.jdks\openjdk-20.0.2\bin\jimage.dll
Event: 0.142 Loaded shared library C:\Users\erigu\AppData\Local\Temp\lwjglerigu\3.3.1-build-7\lwjgl.dll
Event: 0.257 Loaded shared library C:\Users\erigu\AppData\Local\Temp\lwjglerigu\3.3.1-build-7\lwjgl_opengl.dll
Event: 0.363 Loaded shared library C:\Users\erigu\AppData\Local\Temp\lwjglerigu\3.3.1-build-7\lwjgl_stb.dll

Deoptimization events (20 events):
Event: 24.946 Thread 0x0000021b367a1dd0 Uncommon trap: trap_request=0xffffff45 fr.pc=0x0000021b29ae8840 relative=0x0000000000000040
Event: 24.946 Thread 0x0000021b367a1dd0 Uncommon trap: reason=unstable_if action=reinterpret pc=0x0000021b29ae8840 method=java.util.concurrent.locks.AbstractQueuedSynchronizer.signalNext(Ljava/util/concurrent/locks/AbstractQueuedSynchronizer$Node;)V @ 1 c2
Event: 24.946 Thread 0x0000021b367a1dd0 DEOPT PACKING pc=0x0000021b29ae8840 sp=0x00000062cfffefc0
Event: 24.946 Thread 0x0000021b367a1dd0 DEOPT UNPACKING pc=0x0000021b2951d2a2 sp=0x00000062cfffef50 mode 2
Event: 62.928 Thread 0x0000021b19f0a6d0 Uncommon trap: trap_request=0xffffffde fr.pc=0x0000021b29b06f20 relative=0x0000000000000120
Event: 62.928 Thread 0x0000021b19f0a6d0 Uncommon trap: reason=class_check action=maybe_recompile pc=0x0000021b29b06f20 method=jdk.internal.misc.Unsafe.allocateUninitializedArray(Ljava/lang/Class;I)Ljava/lang/Object; @ 51 c2
Event: 62.928 Thread 0x0000021b19f0a6d0 DEOPT PACKING pc=0x0000021b29b06f20 sp=0x00000062cf8ff300
Event: 62.928 Thread 0x0000021b19f0a6d0 DEOPT UNPACKING pc=0x0000021b2951d2a2 sp=0x00000062cf8ff278 mode 2
Event: 62.928 Thread 0x0000021b19f0a6d0 Uncommon trap: trap_request=0xffffffde fr.pc=0x0000021b29b06f20 relative=0x0000000000000120
Event: 62.928 Thread 0x0000021b19f0a6d0 Uncommon trap: reason=class_check action=maybe_recompile pc=0x0000021b29b06f20 method=jdk.internal.misc.Unsafe.allocateUninitializedArray(Ljava/lang/Class;I)Ljava/lang/Object; @ 51 c2
Event: 62.928 Thread 0x0000021b19f0a6d0 DEOPT PACKING pc=0x0000021b29b06f20 sp=0x00000062cf8ff150
Event: 62.928 Thread 0x0000021b19f0a6d0 DEOPT UNPACKING pc=0x0000021b2951d2a2 sp=0x00000062cf8ff0c8 mode 2
Event: 62.943 Thread 0x0000021b19f0a6d0 Uncommon trap: trap_request=0xffffffde fr.pc=0x0000021b29b06f20 relative=0x0000000000000120
Event: 62.943 Thread 0x0000021b19f0a6d0 Uncommon trap: reason=class_check action=maybe_recompile pc=0x0000021b29b06f20 method=jdk.internal.misc.Unsafe.allocateUninitializedArray(Ljava/lang/Class;I)Ljava/lang/Object; @ 51 c2
Event: 62.943 Thread 0x0000021b19f0a6d0 DEOPT PACKING pc=0x0000021b29b06f20 sp=0x00000062cf8ff300
Event: 62.943 Thread 0x0000021b19f0a6d0 DEOPT UNPACKING pc=0x0000021b2951d2a2 sp=0x00000062cf8ff278 mode 2
Event: 62.943 Thread 0x0000021b19f0a6d0 Uncommon trap: trap_request=0xffffffde fr.pc=0x0000021b29b06f20 relative=0x0000000000000120
Event: 62.943 Thread 0x0000021b19f0a6d0 Uncommon trap: reason=class_check action=maybe_recompile pc=0x0000021b29b06f20 method=jdk.internal.misc.Unsafe.allocateUninitializedArray(Ljava/lang/Class;I)Ljava/lang/Object; @ 51 c2
Event: 62.943 Thread 0x0000021b19f0a6d0 DEOPT PACKING pc=0x0000021b29b06f20 sp=0x00000062cf8ff150
Event: 62.943 Thread 0x0000021b19f0a6d0 DEOPT UNPACKING pc=0x0000021b2951d2a2 sp=0x00000062cf8ff0c8 mode 2

Classes loaded (20 events):
Event: 1.036 Loading class java/io/Externalizable done
Event: 1.036 Loading class java/time/zone/Ser done
Event: 1.036 Loading class java/time/Month
Event: 1.037 Loading class java/time/Month done
Event: 1.037 Loading class java/time/DayOfWeek
Event: 1.037 Loading class java/time/DayOfWeek done
Event: 1.037 Loading class java/time/zone/ZoneOffsetTransitionRule$TimeDefinition
Event: 1.037 Loading class java/time/zone/ZoneOffsetTransitionRule$TimeDefinition done
Event: 1.038 Loading class java/time/zone/ZoneOffsetTransition
Event: 1.038 Loading class java/time/zone/ZoneOffsetTransition done
Event: 1.038 Loading class sun/util/cldr/CLDRBaseLocaleDataMetaInfo$TZCanonicalIDMapHolder
Event: 1.039 Loading class sun/util/cldr/CLDRBaseLocaleDataMetaInfo$TZCanonicalIDMapHolder done
Event: 1.039 Loading class sun/util/resources/TimeZoneNames
Event: 1.040 Loading class sun/util/resources/TimeZoneNames done
Event: 1.040 Loading class sun/util/resources/TimeZoneNames_en
Event: 1.040 Loading class sun/util/resources/TimeZoneNames_en done
Event: 3.783 Loading class java/io/FileReader
Event: 3.783 Loading class java/io/FileReader done
Event: 80.720 Loading class jdk/internal/misc/Signal$1
Event: 80.720 Loading class jdk/internal/misc/Signal$1 done

Classes unloaded (0 events):
No events

Classes redefined (0 events):
No events

Internal exceptions (20 events):
Event: 0.149 Thread 0x0000021b19f0a6d0 Exception <a 'sun/nio/fs/WindowsException'{0x000000008c392328}> (0x000000008c392328) 
thrown [s\open\src\hotspot\share\prims\jni.cpp, line 519]
Event: 0.156 Thread 0x0000021b19f0a6d0 Exception <a 'java/lang/NoSuchMethodError'{0x000000008c3dcc20}: 'int java.lang.invoke.DirectMethodHandle$Holder.invokeStaticInit(java.lang.Object, java.lang.Object, int, long)'> (0x000000008c3dcc20) 
thrown [s\open\src\hotspot\share\interpreter\linkResolver.cpp, line 773]
Event: 0.156 Thread 0x0000021b19f0a6d0 Exception <a 'java/lang/NoSuchMethodError'{0x000000008c3e2258}: 'java.lang.Object java.lang.invoke.DirectMethodHandle$Holder.newInvokeSpecial(java.lang.Object, java.lang.Object, int)'> (0x000000008c3e2258) 
thrown [s\open\src\hotspot\share\interpreter\linkResolver.cpp, line 773]
Event: 0.158 Thread 0x0000021b19f0a6d0 Exception <a 'java/lang/NoSuchMethodError'{0x000000008c3f05e8}: 'int java.lang.invoke.DirectMethodHandle$Holder.invokeStaticInit(java.lang.Object, java.lang.Object, long, long)'> (0x000000008c3f05e8) 
thrown [s\open\src\hotspot\share\interpreter\linkResolver.cpp, line 773]
Event: 0.158 Thread 0x0000021b19f0a6d0 Exception <a 'java/lang/NoSuchMethodError'{0x000000008c3f66a0}: 'java.lang.Object java.lang.invoke.DirectMethodHandle$Holder.newInvokeSpecial(java.lang.Object, java.lang.Object, long)'> (0x000000008c3f66a0) 
thrown [s\open\src\hotspot\share\interpreter\linkResolver.cpp, line 773]
Event: 0.158 Thread 0x0000021b19f0a6d0 Exception <a 'java/lang/NoSuchMethodError'{0x000000008c3fa458}: 'java.lang.Object java.lang.invoke.Invokers$Holder.linkToTargetMethod(java.lang.Object, long, java.lang.Object)'> (0x000000008c3fa458) 
thrown [s\open\src\hotspot\share\interpreter\linkResolver.cpp, line 773]
Event: 0.159 Thread 0x0000021b19f0a6d0 Exception <a 'java/lang/NoSuchMethodError'{0x000000008c201b80}: 'int java.lang.invoke.DirectMethodHandle$Holder.invokeStaticInit(java.lang.Object, java.lang.Object, java.lang.Object, long)'> (0x000000008c201b80) 
thrown [s\open\src\hotspot\share\interpreter\linkResolver.cpp, line 773]
Event: 0.251 Thread 0x0000021b19f0a6d0 Exception <a 'java/lang/NoSuchMethodError'{0x000000008c298c70}: 'void java.lang.System.load(java.lang.String, java.lang.Class)'> (0x000000008c298c70) 
thrown [s\open\src\hotspot\share\interpreter\linkResolver.cpp, line 773]
Event: 0.252 Thread 0x0000021b19f0a6d0 Exception <a 'java/lang/NoSuchMethodError'{0x000000008c29ba58}: 'void java.lang.System.loadLibrary(java.lang.String, java.lang.Class)'> (0x000000008c29ba58) 
thrown [s\open\src\hotspot\share\interpreter\linkResolver.cpp, line 773]
Event: 0.256 Thread 0x0000021b19f0a6d0 Exception <a 'sun/nio/fs/WindowsException'{0x000000008c2ab320}> (0x000000008c2ab320) 
thrown [s\open\src\hotspot\share\prims\jni.cpp, line 519]
Event: 0.256 Thread 0x0000021b19f0a6d0 Exception <a 'sun/nio/fs/WindowsException'{0x000000008c2ab6c8}> (0x000000008c2ab6c8) 
thrown [s\open\src\hotspot\share\prims\jni.cpp, line 519]
Event: 0.259 Thread 0x0000021b19f0a6d0 Exception <a 'sun/nio/fs/WindowsException'{0x000000008c2b1148}> (0x000000008c2b1148) 
thrown [s\open\src\hotspot\share\prims\jni.cpp, line 519]
Event: 0.259 Thread 0x0000021b19f0a6d0 Exception <a 'sun/nio/fs/WindowsException'{0x000000008c2b1428}> (0x000000008c2b1428) 
thrown [s\open\src\hotspot\share\prims\jni.cpp, line 519]
Event: 0.356 Thread 0x0000021b19f0a6d0 Exception <a 'java/lang/NoSuchMethodError'{0x000000008c0f20c0}: 'void java.lang.System.load(java.lang.String, java.lang.Class)'> (0x000000008c0f20c0) 
thrown [s\open\src\hotspot\share\interpreter\linkResolver.cpp, line 773]
Event: 0.357 Thread 0x0000021b19f0a6d0 Exception <a 'java/lang/NoSuchMethodError'{0x000000008c0f4eb0}: 'void java.lang.System.loadLibrary(java.lang.String, java.lang.Class)'> (0x000000008c0f4eb0) 
thrown [s\open\src\hotspot\share\interpreter\linkResolver.cpp, line 773]
Event: 0.362 Thread 0x0000021b19f0a6d0 Exception <a 'sun/nio/fs/WindowsException'{0x000000008bf04ac0}> (0x000000008bf04ac0) 
thrown [s\open\src\hotspot\share\prims\jni.cpp, line 519]
Event: 0.362 Thread 0x0000021b19f0a6d0 Exception <a 'sun/nio/fs/WindowsException'{0x000000008bf04e40}> (0x000000008bf04e40) 
thrown [s\open\src\hotspot\share\prims\jni.cpp, line 519]
Event: 0.480 Thread 0x0000021b19f0a6d0 Exception <a 'java/lang/NoSuchMethodError'{0x000000008beca6c8}: 'void java.lang.invoke.DirectMethodHandle$Holder.invokeVirtual(java.lang.Object, java.lang.Object)'> (0x000000008beca6c8) 
thrown [s\open\src\hotspot\share\interpreter\linkResolver.cpp, line 773]
Event: 1.041 Thread 0x0000021b367a5600 Exception <a 'java/lang/NoSuchMethodError'{0x000000008bcd1cd0}: 'java.lang.Object java.lang.invoke.Invokers$Holder.invokeExact_MT(java.lang.Object, java.lang.Object, java.lang.Object, java.lang.Object, java.lang.Object, java.lang.Object)'> (0x000000008bcd1cd0) 
thrown [s\open\src\hotspot\share\interpreter\linkResolver.cpp, line 773]
Event: 2.783 Thread 0x0000021b19f0a6d0 Exception <a 'java/lang/NoSuchMethodError'{0x000000008baa5088}: 'void java.lang.invoke.DirectMethodHandle$Holder.invokeStatic(java.lang.Object, int, java.lang.Object)'> (0x000000008baa5088) 
thrown [s\open\src\hotspot\share\interpreter\linkResolver.cpp, line 773]

VM Operations (20 events):
Event: 8.146 Executing VM operation: Cleanup done
Event: 9.160 Executing VM operation: Cleanup
Event: 9.160 Executing VM operation: Cleanup done
Event: 10.171 Executing VM operation: Cleanup
Event: 10.171 Executing VM operation: Cleanup done
Event: 13.207 Executing VM operation: Cleanup
Event: 13.208 Executing VM operation: Cleanup done
Event: 21.303 Executing VM operation: Cleanup
Event: 21.303 Executing VM operation: Cleanup done
Event: 24.941 Executing VM operation: G1CollectForAllocation
Event: 24.946 Executing VM operation: G1CollectForAllocation done
Event: 25.954 Executing VM operation: Cleanup
Event: 25.954 Executing VM operation: Cleanup done
Event: 31.008 Executing VM operation: Cleanup
Event: 31.008 Executing VM operation: Cleanup done
Event: 52.565 Executing VM operation: G1CollectForAllocation
Event: 52.569 Executing VM operation: G1CollectForAllocation done
Event: 61.634 Executing VM operation: Cleanup
Event: 61.634 Executing VM operation: Cleanup done
Event: 80.721 Executing VM operation: Exit

Events (15 events):
Event: 0.024 Thread 0x0000021b19f0a6d0 Thread added: 0x0000021b19f0a6d0
Event: 0.036 Thread 0x0000021b367a1dd0 Thread added: 0x0000021b367a1dd0
Event: 0.036 Thread 0x0000021b367a3720 Thread added: 0x0000021b367a3720
Event: 0.036 Thread 0x0000021b367a4bd0 Thread added: 0x0000021b367a4bd0
Event: 0.036 Thread 0x0000021b367a5600 Thread added: 0x0000021b367a5600
Event: 0.036 Thread 0x0000021b367a7040 Thread added: 0x0000021b367a7040
Event: 0.036 Thread 0x0000021b367b31e0 Thread added: 0x0000021b367b31e0
Event: 0.036 Thread 0x0000021b367b6fa0 Thread added: 0x0000021b367b6fa0
Event: 0.036 Thread 0x0000021b367b7a50 Thread added: 0x0000021b367b7a50
Event: 0.056 Thread 0x0000021b7b9c46d0 Thread added: 0x0000021b7b9c46d0
Event: 0.094 Thread 0x0000021b7bb892c0 Thread added: 0x0000021b7bb892c0
Event: 0.094 Thread 0x0000021b7bb89810 Thread added: 0x0000021b7bb89810
Event: 1.034 Thread 0x0000021b7c44a500 Thread added: 0x0000021b7c44a500
Event: 1.150 Thread 0x0000021b7c44a500 Thread exited: 0x0000021b7c44a500
Event: 80.721 Thread 0x0000021b7b91fac0 Thread added: 0x0000021b7b91fac0


Dynamic libraries:
0x00007ff6cc890000 - 0x00007ff6cc89e000 	C:\Users\erigu\.jdks\openjdk-20.0.2\bin\java.exe
0x00007fff86e70000 - 0x00007fff87084000 	C:\WINDOWS\SYSTEM32\ntdll.dll
0x00007fff84d40000 - 0x00007fff84e04000 	C:\WINDOWS\System32\KERNEL32.DLL
0x00007fff84520000 - 0x00007fff848c4000 	C:\WINDOWS\System32\KERNELBASE.dll
0x00007fff84ae0000 - 0x00007fff84bf1000 	C:\WINDOWS\System32\ucrtbase.dll
0x00007fff396a0000 - 0x00007fff396b7000 	C:\Users\erigu\.jdks\openjdk-20.0.2\bin\jli.dll
0x00007fff2fa30000 - 0x00007fff2fa4b000 	C:\Users\erigu\.jdks\openjdk-20.0.2\bin\VCRUNTIME140.dll
0x00007fff861d0000 - 0x00007fff8637e000 	C:\WINDOWS\System32\USER32.dll
0x00007fff84ab0000 - 0x00007fff84ad6000 	C:\WINDOWS\System32\win32u.dll
0x00007fff6caa0000 - 0x00007fff6cd33000 	C:\WINDOWS\WinSxS\amd64_microsoft.windows.common-controls_6595b64144ccf1df_6.0.22621.2215_none_270d72677387dfc3\COMCTL32.dll
0x00007fff86540000 - 0x00007fff86569000 	C:\WINDOWS\System32\GDI32.dll
0x00007fff860f0000 - 0x00007fff86197000 	C:\WINDOWS\System32\msvcrt.dll
0x00007fff84220000 - 0x00007fff84338000 	C:\WINDOWS\System32\gdi32full.dll
0x00007fff84950000 - 0x00007fff849ea000 	C:\WINDOWS\System32\msvcp_win.dll
0x00007fff86020000 - 0x00007fff86051000 	C:\WINDOWS\System32\IMM32.DLL
0x00007fff48370000 - 0x00007fff4837c000 	C:\Users\erigu\.jdks\openjdk-20.0.2\bin\vcruntime140_1.dll
0x00007fff12040000 - 0x00007fff120ce000 	C:\Users\erigu\.jdks\openjdk-20.0.2\bin\msvcp140.dll
0x00007fff02b20000 - 0x00007fff037b8000 	C:\Users\erigu\.jdks\openjdk-20.0.2\bin\server\jvm.dll
0x00007fff85650000 - 0x00007fff85700000 	C:\WINDOWS\System32\ADVAPI32.dll
0x00007fff86d80000 - 0x00007fff86e26000 	C:\WINDOWS\System32\sechost.dll
0x00007fff86c60000 - 0x00007fff86d77000 	C:\WINDOWS\System32\RPCRT4.dll
0x00007fff78780000 - 0x00007fff7878a000 	C:\WINDOWS\SYSTEM32\VERSION.dll
0x00007fff7a6e0000 - 0x00007fff7a714000 	C:\WINDOWS\SYSTEM32\WINMM.dll
0x00007fff7b6d0000 - 0x00007fff7b6d9000 	C:\WINDOWS\SYSTEM32\WSOCK32.dll
0x00007fff852d0000 - 0x00007fff85341000 	C:\WINDOWS\System32\WS2_32.dll
0x00007fff83360000 - 0x00007fff83378000 	C:\WINDOWS\SYSTEM32\kernel.appcore.dll
0x00007fff46340000 - 0x00007fff4634a000 	C:\Users\erigu\.jdks\openjdk-20.0.2\bin\jimage.dll
0x00007fff7adc0000 - 0x00007fff7afee000 	C:\WINDOWS\SYSTEM32\DBGHELP.DLL
0x00007fff84f40000 - 0x00007fff852ca000 	C:\WINDOWS\System32\combase.dll
0x00007fff85710000 - 0x00007fff857e7000 	C:\WINDOWS\System32\OLEAUT32.dll
0x00007fff602c0000 - 0x00007fff602f2000 	C:\WINDOWS\SYSTEM32\dbgcore.DLL
0x00007fff848d0000 - 0x00007fff8494a000 	C:\WINDOWS\System32\bcryptPrimitives.dll
0x00007fff81360000 - 0x00007fff8136e000 	C:\Users\erigu\.jdks\openjdk-20.0.2\bin\instrument.dll
0x00007fff12010000 - 0x00007fff12036000 	C:\Users\erigu\.jdks\openjdk-20.0.2\bin\java.dll
0x00007fff02a40000 - 0x00007fff02b17000 	C:\Users\erigu\.jdks\openjdk-20.0.2\bin\jsvml.dll
0x00007fff857f0000 - 0x00007fff86013000 	C:\WINDOWS\System32\SHELL32.dll
0x00007fff821b0000 - 0x00007fff82a9a000 	C:\WINDOWS\SYSTEM32\windows.storage.dll
0x00007fff82070000 - 0x00007fff821ae000 	C:\WINDOWS\SYSTEM32\wintypes.dll
0x00007fff866c0000 - 0x00007fff867b3000 	C:\WINDOWS\System32\SHCORE.dll
0x00007fff84c60000 - 0x00007fff84cbe000 	C:\WINDOWS\System32\shlwapi.dll
0x00007fff84150000 - 0x00007fff84176000 	C:\WINDOWS\SYSTEM32\profapi.dll
0x00007ffefff70000 - 0x00007ffefff88000 	C:\Users\erigu\.jdks\openjdk-20.0.2\bin\zip.dll
0x00007fff028b0000 - 0x00007fff028c3000 	C:\Users\erigu\.jdks\openjdk-20.0.2\bin\net.dll
0x00007fff7e170000 - 0x00007fff7e2a7000 	C:\WINDOWS\SYSTEM32\WINHTTP.dll
0x00007fff837e0000 - 0x00007fff83849000 	C:\WINDOWS\system32\mswsock.dll
0x00007fff002e0000 - 0x00007fff002f6000 	C:\Users\erigu\.jdks\openjdk-20.0.2\bin\nio.dll
0x00007fff708c0000 - 0x00007fff708da000 	C:\Program Files\JetBrains\IntelliJ IDEA 2023.1.2\bin\breakgen64.dll
0x00007fff127c0000 - 0x00007fff127c7000 	C:\Users\erigu\.jdks\openjdk-20.0.2\bin\extnet.dll
0x00007fff64fb0000 - 0x00007fff65025000 	C:\Users\erigu\AppData\Local\Temp\lwjglerigu\3.3.1-build-7\lwjgl.dll
0x00007fff4a6b0000 - 0x00007fff4a711000 	C:\Users\erigu\AppData\Local\Temp\lwjglerigu\3.3.1-build-7\glfw.dll
0x00007fff59ce0000 - 0x00007fff59d26000 	C:\WINDOWS\SYSTEM32\dinput8.dll
0x00007fff5ac60000 - 0x00007fff5ac71000 	C:\WINDOWS\SYSTEM32\xinput1_4.dll
0x00007fff83ee0000 - 0x00007fff83f0c000 	C:\WINDOWS\SYSTEM32\DEVOBJ.dll
0x00007fff83f10000 - 0x00007fff83f5e000 	C:\WINDOWS\SYSTEM32\cfgmgr32.dll
0x00007fff819e0000 - 0x00007fff81a0b000 	C:\WINDOWS\SYSTEM32\dwmapi.dll
0x00007fff6f430000 - 0x00007fff6f63a000 	C:\WINDOWS\SYSTEM32\inputhost.dll
0x00007fff81200000 - 0x00007fff81333000 	C:\WINDOWS\SYSTEM32\CoreMessaging.dll
0x00007fff81770000 - 0x00007fff8181b000 	C:\WINDOWS\system32\uxtheme.dll
0x00007fff854f0000 - 0x00007fff85639000 	C:\WINDOWS\System32\MSCTF.dll
0x00007fff83a50000 - 0x00007fff83a5c000 	C:\WINDOWS\SYSTEM32\CRYPTBASE.DLL
0x00007fff6bfb0000 - 0x00007fff6c0b0000 	C:\WINDOWS\SYSTEM32\opengl32.dll
0x00007fff6d820000 - 0x00007fff6d84d000 	C:\WINDOWS\SYSTEM32\GLU32.dll
0x00007fff81880000 - 0x00007fff818b8000 	C:\WINDOWS\SYSTEM32\dxcore.dll
0x00007fff7e2d0000 - 0x00007fff7e31a000 	C:\WINDOWS\SYSTEM32\directxdatabasehelper.dll
0x00007fff84e10000 - 0x00007fff84ec0000 	C:\WINDOWS\System32\clbcatq.dll
0x00007ffee57b0000 - 0x00007ffee6837000 	C:\WINDOWS\System32\DriverStore\FileRepository\iigd_dch.inf_amd64_e32ced29f236e322\igxelpicd64.dll
0x00007fff85350000 - 0x00007fff854ee000 	C:\WINDOWS\System32\ole32.dll
0x00007fff818d0000 - 0x00007fff819c8000 	C:\WINDOWS\system32\dxgi.dll
0x00007fff3fb20000 - 0x00007fff3fc5c000 	C:\WINDOWS\System32\DriverStore\FileRepository\iigd_dch.inf_amd64_e32ced29f236e322\igdml64.dll
0x00007fff78240000 - 0x00007fff78649000 	C:\WINDOWS\System32\DriverStore\FileRepository\iigd_dch.inf_amd64_e32ced29f236e322\igdgmm64.dll
0x00007fff84340000 - 0x00007fff843ab000 	C:\WINDOWS\System32\WINTRUST.dll
0x00007fff843b0000 - 0x00007fff84516000 	C:\WINDOWS\System32\CRYPT32.dll
0x00007fff83a90000 - 0x00007fff83aa2000 	C:\WINDOWS\SYSTEM32\MSASN1.dll
0x00007fff71180000 - 0x00007fff74914000 	C:\WINDOWS\System32\DriverStore\FileRepository\iigd_dch.inf_amd64_e32ced29f236e322\igc64.dll
0x00007fff830d0000 - 0x00007fff8311d000 	C:\WINDOWS\SYSTEM32\powrprof.dll
0x00007fff830b0000 - 0x00007fff830c3000 	C:\WINDOWS\SYSTEM32\UMPDC.dll
0x00007fff4a650000 - 0x00007fff4a6ad000 	C:\Users\erigu\AppData\Local\Temp\lwjglerigu\3.3.1-build-7\lwjgl_opengl.dll
0x00007fff706a0000 - 0x00007fff707e4000 	C:\WINDOWS\SYSTEM32\textinputframework.dll
0x00007fff7d9d0000 - 0x00007fff7dd3c000 	C:\WINDOWS\SYSTEM32\CoreUIComponents.dll
0x00007fff645c0000 - 0x00007fff64629000 	C:\WINDOWS\system32\Oleacc.dll
0x00007fff46390000 - 0x00007fff46411000 	C:\Users\erigu\AppData\Local\Temp\lwjglerigu\3.3.1-build-7\lwjgl_stb.dll

dbghelp: loaded successfully - version: 4.0.5 - missing functions: none
symbol engine: initialized successfully - sym options: 0x614 - pdb path: .;C:\Users\erigu\.jdks\openjdk-20.0.2\bin;C:\WINDOWS\SYSTEM32;C:\WINDOWS\WinSxS\amd64_microsoft.windows.common-controls_6595b64144ccf1df_6.0.22621.2215_none_270d72677387dfc3;C:\Users\erigu\.jdks\openjdk-20.0.2\bin\server;C:\Program Files\JetBrains\IntelliJ IDEA 2023.1.2\bin;C:\Users\erigu\AppData\Local\Temp\lwjglerigu\3.3.1-build-7;C:\WINDOWS\System32\DriverStore\FileRepository\iigd_dch.inf_amd64_e32ced29f236e322

VM Arguments:
jvm_args: -javaagent:C:\Program Files\JetBrains\IntelliJ IDEA 2023.1.2\lib\idea_rt.jar=50630:C:\Program Files\JetBrains\IntelliJ IDEA 2023.1.2\bin -Dfile.encoding=UTF-8 -Dsun.stdout.encoding=UTF-8 -Dsun.stderr.encoding=UTF-8 
java_command: ShadowDance
java_class_path (initial): C:\Users\erigu\OneDrive\Desktop\oosd\egurung-project-2\project2\target\classes;C:\Users\erigu\.m2\repository\org\lwjgl\lwjgl\3.3.1\lwjgl-3.3.1.jar;C:\Users\erigu\.m2\repository\org\lwjgl\lwjgl-assimp\3.3.1\lwjgl-assimp-3.3.1.jar;C:\Users\erigu\.m2\repository\org\lwjgl\lwjgl-glfw\3.3.1\lwjgl-glfw-3.3.1.jar;C:\Users\erigu\.m2\repository\org\lwjgl\lwjgl-openal\3.3.1\lwjgl-openal-3.3.1.jar;C:\Users\erigu\.m2\repository\org\lwjgl\lwjgl-opengl\3.3.1\lwjgl-opengl-3.3.1.jar;C:\Users\erigu\.m2\repository\org\lwjgl\lwjgl-stb\3.3.1\lwjgl-stb-3.3.1.jar;C:\Users\erigu\.m2\repository\org\lwjgl\lwjgl\3.3.1\lwjgl-3.3.1-natives-windows.jar;C:\Users\erigu\.m2\repository\org\lwjgl\lwjgl-assimp\3.3.1\lwjgl-assimp-3.3.1-natives-windows.jar;C:\Users\erigu\.m2\repository\org\lwjgl\lwjgl-glfw\3.3.1\lwjgl-glfw-3.3.1-natives-windows.jar;C:\Users\erigu\.m2\repository\org\lwjgl\lwjgl-openal\3.3.1\lwjgl-openal-3.3.1-natives-windows.jar;C:\Users\erigu\.m2\repository\org\lwjgl\lwjgl-opengl\3.3.1\lwjgl-opengl-3.3.1-natives-windows.jar;C:\Users\erigu\.m2\repository\org\lwjgl\lwjgl-stb\3.3.1\lwjgl-stb-3.3.1-natives-windows.jar;C:\Users\erigu\.m2\repository\io\github\eleanor-em\bagel\1.9.3\bagel-1.9.3.jar
Launcher Type: SUN_STANDARD

[Global flags]
     intx CICompilerCount                          = 4                                         {product} {ergonomic}
     uint ConcGCThreads                            = 2                                         {product} {ergonomic}
     uint G1ConcRefinementThreads                  = 8                                         {product} {ergonomic}
   size_t G1HeapRegionSize                         = 1048576                                   {product} {ergonomic}
    uintx GCDrainStackTargetSize                   = 64                                        {product} {ergonomic}
   size_t InitialHeapSize                          = 130023424                                 {product} {ergonomic}
   size_t MarkStackSize                            = 4194304                                   {product} {ergonomic}
   size_t MaxHeapSize                              = 2067791872                                {product} {ergonomic}
   size_t MaxNewSize                               = 1240465408                                {product} {ergonomic}
   size_t MinHeapDeltaBytes                        = 1048576                                   {product} {ergonomic}
   size_t MinHeapSize                              = 8388608                                   {product} {ergonomic}
    uintx NonNMethodCodeHeapSize                   = 5839372                                {pd product} {ergonomic}
    uintx NonProfiledCodeHeapSize                  = 122909434                              {pd product} {ergonomic}
    uintx ProfiledCodeHeapSize                     = 122909434                              {pd product} {ergonomic}
    uintx ReservedCodeCacheSize                    = 251658240                              {pd product} {ergonomic}
     bool SegmentedCodeCache                       = true                                      {product} {ergonomic}
   size_t SoftMaxHeapSize                          = 2067791872                             {manageable} {ergonomic}
     bool UseCompressedClassPointers               = true                           {product lp64_product} {ergonomic}
     bool UseCompressedOops                        = true                           {product lp64_product} {ergonomic}
     bool UseG1GC                                  = true                                      {product} {ergonomic}
     bool UseLargePagesIndividualAllocation        = false                                  {pd product} {ergonomic}

Logging:
Log output configuration:
 #0: stdout all=off uptime,level,tags foldmultilines=false
 #1: stderr all=off uptime,level,tags foldmultilines=false

Environment Variables:
JAVA_HOME=C:\Users\erigu\AppData\Local\Programs\Eclipse Adoptium\jdk-17.0.7.7-hotspot\
PATH=C:\WINDOWS\system32;C:\WINDOWS;C:\WINDOWS\System32\Wbem;C:\WINDOWS\System32\WindowsPowerShell\v1.0\;C:\WINDOWS\System32\OpenSSH\;C:\Program Files\nodejs\;C:\Users\erigu\OneDrive\Desktop\linalg\bin;C:\Program Files\Git\cmd;C:\Users\erigu\AppData\Local\Programs\Eclipse Adoptium\jdk-17.0.7.7-hotspot\bin;C:\Users\erigu\AppData\Local\Microsoft\WindowsApps;C:\Users\erigu\AppData\Local\Programs\Microsoft VS Code\bin;C:\Users\erigu\AppData\Roaming\npm;C:\Users\erigu\mingw64\bin;C:\Users\erigu\mingw64\lib;
USERNAME=erigu
OS=Windows_NT
PROCESSOR_IDENTIFIER=Intel64 Family 6 Model 140 Stepping 1, GenuineIntel
TMP=C:\Users\erigu\AppData\Local\Temp
TEMP=C:\Users\erigu\AppData\Local\Temp




---------------  S Y S T E M  ---------------

OS:
 Windows 11 , 64 bit Build 22621 (10.0.22621.2215)
OS uptime: 0 days 1:02 hours

CPU: total 8 (initial active 8) (4 cores per cpu, 2 threads per core) family 6 model 140 stepping 1 microcode 0x86, cx8, cmov, fxsr, ht, mmx, 3dnowpref, sse, sse2, sse3, ssse3, sse4.1, sse4.2, popcnt, lzcnt, tsc, tscinvbit, avx, avx2, aes, erms, clmul, bmi1, bmi2, adx, avx512f, avx512dq, avx512cd, avx512bw, avx512vl, sha, fma, vzeroupper, avx512_vpopcntdq, avx512_vpclmulqdq, avx512_vaes, avx512_vnni, clflush, clflushopt, clwb, avx512_vbmi2, avx512_vbmi, rdtscp, rdpid, fsrm, gfni, avx512_bitalg, f16c, pku, cet_ibt, cet_ss, avx512_ifma

Memory: 4k page, system-wide physical 7883M (781M free)
TotalPageFile size 18635M (AvailPageFile size 8195M)
current process WorkingSet (physical memory assigned to process): 238M, peak: 239M
current process commit charge ("private bytes"): 314M, peak: 325M

vm_info: OpenJDK 64-Bit Server VM (20.0.2+9-78) for windows-amd64 JRE (20.0.2+9-78), built on 2023-06-14T10:08:48Z by "mach5one" with MS VC++ 17.1 (VS2022)

END.
