#
# A fatal error has been detected by the Java Runtime Environment:
#
#  EXCEPTION_ACCESS_VIOLATION (0xc0000005) at pc=0x00007ffee5857a12, pid=10208, tid=16988
#
# JRE version: OpenJDK Runtime Environment (20.0.2+9) (build 20.0.2+9-78)
# Java VM: OpenJDK 64-Bit Server VM (20.0.2+9-78, mixed mode, sharing, tiered, compressed oops, compressed class ptrs, g1 gc, windows-amd64)
# Problematic frame:
# C  [igxelpicd64.dll+0xa7a12]
#
# No core dump will be written. Minidumps are not enabled by default on client versions of Windows
#
# If you would like to submit a bug report, please visit:
#   https://bugreport.java.com/bugreport/crash.jsp
#

---------------  S U M M A R Y ------------

Command Line: -javaagent:C:\Program Files\JetBrains\IntelliJ IDEA 2023.1.2\lib\idea_rt.jar=50727:C:\Program Files\JetBrains\IntelliJ IDEA 2023.1.2\bin -Dfile.encoding=UTF-8 -Dsun.stdout.encoding=UTF-8 -Dsun.stderr.encoding=UTF-8 ShadowDance

Host: 11th Gen Intel(R) Core(TM) i5-1135G7 @ 2.40GHz, 8 cores, 7G,  Windows 11 , 64 bit Build 22621 (10.0.22621.2215)
Time: Sat Sep 30 13:09:50 2023 AUS Eastern Standard Time elapsed time: 180.879767 seconds (0d 0h 3m 0s)

---------------  T H R E A D  ---------------

Current thread (0x000001b929c2fd30):  VMThread "VM Thread" [stack: 0x0000007d14400000,0x0000007d14500000] [id=16988]

Stack: [0x0000007d14400000,0x0000007d14500000],  sp=0x0000007d144fe270,  free space=1016k
Native frames: (J=compiled Java code, j=interpreted, Vv=VM code, C=native code)
C  [igxelpicd64.dll+0xa7a12]


siginfo: EXCEPTION_ACCESS_VIOLATION (0xc0000005), reading address 0x0000000000035898


Registers:
RAX=0x000001b96f917950, RBX=0x000001b96f917800, RCX=0x0000000000000000, RDX=0x00000000fffffff1
RSP=0x0000007d144fe270, RBP=0x0000000000000000, RSI=0x000001b96f917dd0, RDI=0x000001b96f72cc40
R8 =0x0000000000000014, R9 =0x0000000000000001, R10=0x0000000000000000, R11=0x0000000000000246
R12=0x000001b96f8a7800, R13=0x000001b97b793830, R14=0x000000000099e800, R15=0x0000000000000016
RIP=0x00007ffee5857a12, EFLAGS=0x0000000000010206


Register to memory mapping:

RIP=0x00007ffee5857a12 igxelpicd64.dll
RAX=0x000001b96f917950 points into unknown readable memory: 0x000000000099e020 | 20 e0 99 00 00 00 00 00
RBX=0x000001b96f917800 points into unknown readable memory: 0x000001b96f4352a0 | a0 52 43 6f b9 01 00 00
RCX=0x0 is NULL
RDX=0x00000000fffffff1 is an unallocated location in the heap
RSP=0x0000007d144fe270 points into unknown readable memory: 0x000001b96f4507a0 | a0 07 45 6f b9 01 00 00
RBP=0x0 is NULL
RSI=0x000001b96f917dd0 points into unknown readable memory: 0x000001b97b793830 | 30 38 79 7b b9 01 00 00
RDI=0x000001b96f72cc40 points into unknown readable memory: 0x000001b96f912f01 | 01 2f 91 6f b9 01 00 00
R8 =0x0000000000000014 is an unknown value
R9 =0x0000000000000001 is an unknown value
R10=0x0 is NULL
R11=0x0000000000000246 is an unknown value
R12=0x000001b96f8a7800 points into unknown readable memory: 0x00007ffee64323ec | ec 23 43 e6 fe 7f 00 00
R13=0x000001b97b793830 points into unknown readable memory: 0x000001b96f4352a0 | a0 52 43 6f b9 01 00 00
R14=0x000000000099e800 is an unknown value
R15=0x0000000000000016 is an unknown value


Top of Stack: (sp=0x0000007d144fe270)
0x0000007d144fe270:   000001b96f4507a0 0000000000000000
0x0000007d144fe280:   01730b9a02766799 00007fff86f12d94
0x0000007d144fe290:   0290659c02224d9c 00a8e09c02126f9c
0x0000007d144fe2a0:   029bd99d00929d9d 026b309e01901e9e
0x0000007d144fe2b0:   000000000000000d 000000000099e83c
0x0000007d144fe2c0:   0000b80214060000 000001b96f8a78d8
0x0000007d144fe2d0:   0000000000000000 0000000000000000
0x0000007d144fe2e0:   0000007d144fe3f0 00007ffee583d5bf
0x0000007d144fe2f0:   000001b96f4507a0 000001b96f72cc40
0x0000007d144fe300:   01e9aea400025800 02ab2fa5022e0900
0x0000007d144fe310:   0000007d0000065c 02a2b3a500000000
0x0000007d144fe320:   0000000000000000 000040007a000004
0x0000007d144fe330:   0000000000000000 0000000000000000
0x0000007d144fe340:   000010027a000004 0000000000000000
0x0000007d144fe350:   0000000000000000 001040007a000004
0x0000007d144fe360:   0000000000000000 0000000000000000
0x0000007d144fe370:   000000007a000004 0000000000000000
0x0000007d144fe380:   0000000000000000 001040007a000004
0x0000007d144fe390:   000001b972ba0000 0000000000000060
0x0000007d144fe3a0:   0000b80214060000 000000000000065c
0x0000007d144fe3b0:   0000000000000000 4000250000000001
0x0000007d144fe3c0:   0000000000000000 0000000000000000
0x0000007d144fe3d0:   0000000000000000 0000000000000000
0x0000007d144fe3e0:   0000000000000000 0000000000000000
0x0000007d144fe3f0:   0000000000000000 0000000000000000
0x0000007d144fe400:   0000000000000000 0000000000000000
0x0000007d144fe410:   0000000000000000 0000000000000000
0x0000007d144fe420:   0000000000000000 0000000000000000
0x0000007d144fe430:   0000000000000000 0000000000000000
0x0000007d144fe440:   0000000000000000 0000000000000000
0x0000007d144fe450:   0000000000000000 0000000000000000
0x0000007d144fe460:   0000000000000000 0000000000000000 

Instructions: (pc=0x00007ffee5857a12)
0x00007ffee5857912:   8b fa 48 8b e9 48 8b 1d a2 c5 f1 00 48 89 58 08
0x00007ffee5857922:   48 8b cb ff 15 fd 48 a9 00 90 4c 8b af 78 02 00
0x00007ffee5857932:   00 48 8b 05 26 6a e1 00 44 8b b8 a0 0b 00 00 45
0x00007ffee5857942:   33 d2 45 8a f2 4c 89 97 78 02 00 00 44 89 97 80
0x00007ffee5857952:   02 00 00 4c 89 97 a0 02 00 00 4c 89 97 88 02 00
0x00007ffee5857962:   00 48 85 ed 75 38 8b 35 32 9f f1 00 65 48 8b 04
0x00007ffee5857972:   25 58 00 00 00 b9 14 00 00 00 48 8b 04 f0 44 38
0x00007ffee5857982:   14 01 0f 84 56 a3 94 00 65 48 8b 04 25 58 00 00
0x00007ffee5857992:   00 bd 20 00 00 00 48 8b 04 f0 48 8b 2c 28 48 3b
0x00007ffee58579a2:   2d 89 ac f1 00 45 0f 44 fa 4d 85 ed 0f 84 2b 01
0x00007ffee58579b2:   00 00 44 8a a4 24 90 00 00 00 49 8b dd 49 8d b5
0x00007ffee58579c2:   d0 05 00 00 4c 8b 2e 45 84 e4 0f 85 39 03 00 00
0x00007ffee58579d2:   44 8b 8f c8 01 00 00 48 8b 05 80 69 e1 00 83 b8
0x00007ffee58579e2:   70 03 00 00 02 75 36 41 8d 51 f0 41 83 f9 10 0f
0x00007ffee58579f2:   83 2d 01 00 00 4a 8d 04 cd 21 00 00 00 49 03 c1
0x00007ffee5857a02:   48 8d 04 c3 48 85 c0 0f 85 03 01 00 00 49 8b ca
0x00007ffee5857a12:   48 3b 8d 98 58 03 00 0f 87 ce a2 94 00 48 8d 93
0x00007ffee5857a22:   08 01 00 00 4c 39 93 48 06 00 00 0f 85 39 a4 94
0x00007ffee5857a32:   00 44 8b 9f c8 01 00 00 48 8b 87 e0 01 00 00 4c
0x00007ffee5857a42:   8b 10 44 8b 87 c8 01 00 00 41 83 f8 10 0f 83 fc
0x00007ffee5857a52:   00 00 00 4b 8d 0c c0 48 8d 04 ca 48 85 c0 0f 85
0x00007ffee5857a62:   b5 00 00 00 33 c9 49 3b ca 0f 86 11 01 00 00 45
0x00007ffee5857a72:   33 d2 48 8b 87 78 02 00 00 48 89 06 48 89 9f 78
0x00007ffee5857a82:   02 00 00 ff 87 80 02 00 00 48 8b 43 08 48 8b 88
0x00007ffee5857a92:   18 01 00 00 48 81 e1 00 00 ff ff 48 81 c1 00 00
0x00007ffee5857aa2:   01 00 48 01 8f 88 02 00 00 48 8b 43 08 48 8b 88
0x00007ffee5857ab2:   18 01 00 00 48 01 8f a0 02 00 00 4d 85 ed 0f 85
0x00007ffee5857ac2:   f6 fe ff ff 45 84 f6 44 8a a4 24 98 00 00 00 0f
0x00007ffee5857ad2:   85 e1 a3 94 00 48 8b 9c 24 80 00 00 00 48 8b cf
0x00007ffee5857ae2:   45 84 e4 0f 85 30 02 00 00 e8 d0 fa ff ff 90 48
0x00007ffee5857af2:   8b cb 48 8b 9c 24 88 00 00 00 48 83 c4 40 41 5f
0x00007ffee5857b02:   41 5e 41 5d 41 5c 5f 5e 5d 48 ff 25 0e 47 a9 00 


Stack slot to memory mapping:
stack at sp + 0 slots: 0x000001b96f4507a0 points into unknown readable memory: 0xffffffffffffffff | ff ff ff ff ff ff ff ff
stack at sp + 1 slots: 0x0 is NULL
stack at sp + 2 slots: 0x01730b9a02766799 is an unknown value
stack at sp + 3 slots: 0x00007fff86f12d94 ntdll.dll
stack at sp + 4 slots: 0x0290659c02224d9c is an unknown value
stack at sp + 5 slots: 0x00a8e09c02126f9c is an unknown value
stack at sp + 6 slots: 0x029bd99d00929d9d is an unknown value
stack at sp + 7 slots: 0x026b309e01901e9e is an unknown value

VM_Operation (0x0000007d13bfef90): Exit, mode: safepoint, requested by thread 0x000001b96fad9e50


---------------  P R O C E S S  ---------------

Threads class SMR info:
_java_thread_list=0x000001b97b602270, length=13, elements={
0x000001b90d399600, 0x000001b929c514e0, 0x000001b929c52f20, 0x000001b929c54a90,
0x000001b929c58350, 0x000001b929c5a230, 0x000001b929c5a870, 0x000001b929c62bf0,
0x000001b929c6c1a0, 0x000001b96f0c4470, 0x000001b96f2688f0, 0x000001b96f268e40,
0x000001b96fad9e50
}

Java Threads: ( => current thread )
  0x000001b90d399600 JavaThread "main" [_thread_blocked, id=14860, stack(0x0000007d13e00000,0x0000007d13f00000)]
  0x000001b929c514e0 JavaThread "Reference Handler" daemon [_thread_blocked, id=7440, stack(0x0000007d14500000,0x0000007d14600000)]
  0x000001b929c52f20 JavaThread "Finalizer" daemon [_thread_blocked, id=11236, stack(0x0000007d14600000,0x0000007d14700000)]
  0x000001b929c54a90 JavaThread "Signal Dispatcher" daemon [_thread_blocked, id=7892, stack(0x0000007d14700000,0x0000007d14800000)]
  0x000001b929c58350 JavaThread "Attach Listener" daemon [_thread_blocked, id=10004, stack(0x0000007d14800000,0x0000007d14900000)]
  0x000001b929c5a230 JavaThread "Service Thread" daemon [_thread_blocked, id=17028, stack(0x0000007d14900000,0x0000007d14a00000)]
  0x000001b929c5a870 JavaThread "Monitor Deflation Thread" daemon [_thread_blocked, id=4212, stack(0x0000007d14a00000,0x0000007d14b00000)]
  0x000001b929c62bf0 JavaThread "C2 CompilerThread0" daemon [_thread_blocked, id=16996, stack(0x0000007d14b00000,0x0000007d14c00000)]
  0x000001b929c6c1a0 JavaThread "C1 CompilerThread0" daemon [_thread_blocked, id=17876, stack(0x0000007d14c00000,0x0000007d14d00000)]
  0x000001b96f0c4470 JavaThread "Common-Cleaner" daemon [_thread_blocked, id=15932, stack(0x0000007d14d00000,0x0000007d14e00000)]
  0x000001b96f2688f0 JavaThread "Monitor Ctrl-Break" daemon [_thread_in_native, id=2008, stack(0x0000007d14e00000,0x0000007d14f00000)]
  0x000001b96f268e40 JavaThread "Notification Thread" daemon [_thread_blocked, id=2408, stack(0x0000007d14f00000,0x0000007d15000000)]
  0x000001b96fad9e50 JavaThread "SIGINT handler" daemon [_thread_blocked, id=17636, stack(0x0000007d13b00000,0x0000007d13c00000)]

Other Threads:
=>0x000001b929c2fd30 VMThread "VM Thread" [stack: 0x0000007d14400000,0x0000007d14500000] [id=16988]
  0x000001b90d3f86d0 WorkerThread "GC Thread#0" [stack: 0x0000007d13f00000,0x0000007d14000000] [id=18808]
  0x000001b97b765f40 WorkerThread "GC Thread#1" [stack: 0x0000007d15800000,0x0000007d15900000] [id=15420]
  0x000001b96f13dd40 WorkerThread "GC Thread#2" [stack: 0x0000007d15900000,0x0000007d15a00000] [id=19384]
  0x000001b97b791440 WorkerThread "GC Thread#3" [stack: 0x0000007d15a00000,0x0000007d15b00000] [id=6612]
  0x000001b97b6f5a00 WorkerThread "GC Thread#4" [stack: 0x0000007d15b00000,0x0000007d15c00000] [id=3592]
  0x000001b97b742ab0 WorkerThread "GC Thread#5" [stack: 0x0000007d15c00000,0x0000007d15d00000] [id=2516]
  0x000001b97b741f70 WorkerThread "GC Thread#6" [stack: 0x0000007d15d00000,0x0000007d15e00000] [id=1084]
  0x000001b97b742d80 WorkerThread "GC Thread#7" [stack: 0x0000007d15e00000,0x0000007d15f00000] [id=17160]
  0x000001b90d408e00 ConcurrentGCThread "G1 Main Marker" terminated
  0x000001b90d409830 WorkerThread "G1 Conc#0" [stack: 0x0000007d14100000,0x0000007d14200000] [id=19888]
  0x000001b90d45ea00 ConcurrentGCThread "G1 Refine#0" terminated
  0x000001b929aed670 ConcurrentGCThread "G1 Service" terminated

Threads with active compile tasks:

VM state: at safepoint (shutting down)

VM Mutex/Monitor currently owned by a thread:  ([mutex/lock_event])
[0x000001b90d3945f0] Threads_lock - owner thread: 0x000001b929c2fd30
[0x000001b90d394710] Heap_lock - owner thread: 0x000001b96fad9e50

Heap address: 0x0000000084c00000, size: 1972 MB, Compressed Oops mode: 32-bit

CDS archive(s) mapped at: [0x000001b92a000000-0x000001b92ac60000-0x000001b92ac60000), size 12976128, SharedBaseAddress: 0x000001b92a000000, ArchiveRelocationMode: 1.
Compressed class space mapped at: 0x000001b92b000000-0x000001b96b000000, reserved size: 1073741824
Narrow klass base: 0x000001b92a000000, Narrow klass shift: 0, Narrow klass range: 0x100000000

GC Precious Log:
 CardTable entry size: 512
 Card Set container configuration: InlinePtr #cards 5 size 8 Array Of Cards #cards 12 size 40 Howl #buckets 4 coarsen threshold 1843 Howl Bitmap #cards 512 size 80 coarsen threshold 460 Card regions per heap region 1 cards per card region 2048
 CPUs: 8 total, 8 available
 Memory: 7883M
 Large Page Support: Disabled
 NUMA Support: Disabled
 Compressed Oops: Enabled (32-bit)
 Heap Region Size: 1M
 Heap Min Capacity: 8M
 Heap Initial Capacity: 124M
 Heap Max Capacity: 1972M
 Pre-touch: Disabled
 Parallel Workers: 8
 Concurrent Workers: 2
 Concurrent Refinement Workers: 8
 Periodic GC: Disabled

Heap:
 garbage-first heap   total 126976K, used 5852K [0x0000000084c00000, 0x0000000100000000)
  region size 1024K, 7 young (7168K), 3 survivors (3072K)
 Metaspace       used 4830K, committed 5056K, reserved 1114112K
  class space    used 293K, committed 384K, reserved 1048576K

Heap Regions: E=young(eden), S=young(survivor), O=old, HS=humongous(starts), HC=humongous(continues), CS=collection set, F=free, OA=open archive, CA=closed archive, TAMS=top-at-mark-start, PB=parsable bottom
|   0|0x0000000084c00000, 0x0000000084c00000, 0x0000000084d00000|  0%| F|  |TAMS 0x0000000084c00000| PB 0x0000000084c00000| Untracked 
|   1|0x0000000084d00000, 0x0000000084d00000, 0x0000000084e00000|  0%| F|  |TAMS 0x0000000084d00000| PB 0x0000000084d00000| Untracked 
|   2|0x0000000084e00000, 0x0000000084e00000, 0x0000000084f00000|  0%| F|  |TAMS 0x0000000084e00000| PB 0x0000000084e00000| Untracked 
|   3|0x0000000084f00000, 0x0000000084f00000, 0x0000000085000000|  0%| F|  |TAMS 0x0000000084f00000| PB 0x0000000084f00000| Untracked 
|   4|0x0000000085000000, 0x0000000085000000, 0x0000000085100000|  0%| F|  |TAMS 0x0000000085000000| PB 0x0000000085000000| Untracked 
|   5|0x0000000085100000, 0x0000000085100000, 0x0000000085200000|  0%| F|  |TAMS 0x0000000085100000| PB 0x0000000085100000| Untracked 
|   6|0x0000000085200000, 0x0000000085200000, 0x0000000085300000|  0%| F|  |TAMS 0x0000000085200000| PB 0x0000000085200000| Untracked 
|   7|0x0000000085300000, 0x0000000085300000, 0x0000000085400000|  0%| F|  |TAMS 0x0000000085300000| PB 0x0000000085300000| Untracked 
|   8|0x0000000085400000, 0x0000000085400000, 0x0000000085500000|  0%| F|  |TAMS 0x0000000085400000| PB 0x0000000085400000| Untracked 
|   9|0x0000000085500000, 0x0000000085500000, 0x0000000085600000|  0%| F|  |TAMS 0x0000000085500000| PB 0x0000000085500000| Untracked 
|  10|0x0000000085600000, 0x0000000085600000, 0x0000000085700000|  0%| F|  |TAMS 0x0000000085600000| PB 0x0000000085600000| Untracked 
|  11|0x0000000085700000, 0x0000000085700000, 0x0000000085800000|  0%| F|  |TAMS 0x0000000085700000| PB 0x0000000085700000| Untracked 
|  12|0x0000000085800000, 0x0000000085800000, 0x0000000085900000|  0%| F|  |TAMS 0x0000000085800000| PB 0x0000000085800000| Untracked 
|  13|0x0000000085900000, 0x0000000085900000, 0x0000000085a00000|  0%| F|  |TAMS 0x0000000085900000| PB 0x0000000085900000| Untracked 
|  14|0x0000000085a00000, 0x0000000085a00000, 0x0000000085b00000|  0%| F|  |TAMS 0x0000000085a00000| PB 0x0000000085a00000| Untracked 
|  15|0x0000000085b00000, 0x0000000085b00000, 0x0000000085c00000|  0%| F|  |TAMS 0x0000000085b00000| PB 0x0000000085b00000| Untracked 
|  16|0x0000000085c00000, 0x0000000085c00000, 0x0000000085d00000|  0%| F|  |TAMS 0x0000000085c00000| PB 0x0000000085c00000| Untracked 
|  17|0x0000000085d00000, 0x0000000085d00000, 0x0000000085e00000|  0%| F|  |TAMS 0x0000000085d00000| PB 0x0000000085d00000| Untracked 
|  18|0x0000000085e00000, 0x0000000085e00000, 0x0000000085f00000|  0%| F|  |TAMS 0x0000000085e00000| PB 0x0000000085e00000| Untracked 
|  19|0x0000000085f00000, 0x0000000085f00000, 0x0000000086000000|  0%| F|  |TAMS 0x0000000085f00000| PB 0x0000000085f00000| Untracked 
|  20|0x0000000086000000, 0x0000000086000000, 0x0000000086100000|  0%| F|  |TAMS 0x0000000086000000| PB 0x0000000086000000| Untracked 
|  21|0x0000000086100000, 0x0000000086100000, 0x0000000086200000|  0%| F|  |TAMS 0x0000000086100000| PB 0x0000000086100000| Untracked 
|  22|0x0000000086200000, 0x0000000086200000, 0x0000000086300000|  0%| F|  |TAMS 0x0000000086200000| PB 0x0000000086200000| Untracked 
|  23|0x0000000086300000, 0x0000000086300000, 0x0000000086400000|  0%| F|  |TAMS 0x0000000086300000| PB 0x0000000086300000| Untracked 
|  24|0x0000000086400000, 0x0000000086400000, 0x0000000086500000|  0%| F|  |TAMS 0x0000000086400000| PB 0x0000000086400000| Untracked 
|  25|0x0000000086500000, 0x0000000086500000, 0x0000000086600000|  0%| F|  |TAMS 0x0000000086500000| PB 0x0000000086500000| Untracked 
|  26|0x0000000086600000, 0x0000000086600000, 0x0000000086700000|  0%| F|  |TAMS 0x0000000086600000| PB 0x0000000086600000| Untracked 
|  27|0x0000000086700000, 0x0000000086700000, 0x0000000086800000|  0%| F|  |TAMS 0x0000000086700000| PB 0x0000000086700000| Untracked 
|  28|0x0000000086800000, 0x0000000086800000, 0x0000000086900000|  0%| F|  |TAMS 0x0000000086800000| PB 0x0000000086800000| Untracked 
|  29|0x0000000086900000, 0x0000000086900000, 0x0000000086a00000|  0%| F|  |TAMS 0x0000000086900000| PB 0x0000000086900000| Untracked 
|  30|0x0000000086a00000, 0x0000000086a00000, 0x0000000086b00000|  0%| F|  |TAMS 0x0000000086a00000| PB 0x0000000086a00000| Untracked 
|  31|0x0000000086b00000, 0x0000000086b00000, 0x0000000086c00000|  0%| F|  |TAMS 0x0000000086b00000| PB 0x0000000086b00000| Untracked 
|  32|0x0000000086c00000, 0x0000000086c00000, 0x0000000086d00000|  0%| F|  |TAMS 0x0000000086c00000| PB 0x0000000086c00000| Untracked 
|  33|0x0000000086d00000, 0x0000000086d00000, 0x0000000086e00000|  0%| F|  |TAMS 0x0000000086d00000| PB 0x0000000086d00000| Untracked 
|  34|0x0000000086e00000, 0x0000000086e00000, 0x0000000086f00000|  0%| F|  |TAMS 0x0000000086e00000| PB 0x0000000086e00000| Untracked 
|  35|0x0000000086f00000, 0x0000000086f00000, 0x0000000087000000|  0%| F|  |TAMS 0x0000000086f00000| PB 0x0000000086f00000| Untracked 
|  36|0x0000000087000000, 0x0000000087000000, 0x0000000087100000|  0%| F|  |TAMS 0x0000000087000000| PB 0x0000000087000000| Untracked 
|  37|0x0000000087100000, 0x0000000087100000, 0x0000000087200000|  0%| F|  |TAMS 0x0000000087100000| PB 0x0000000087100000| Untracked 
|  38|0x0000000087200000, 0x0000000087200000, 0x0000000087300000|  0%| F|  |TAMS 0x0000000087200000| PB 0x0000000087200000| Untracked 
|  39|0x0000000087300000, 0x0000000087300000, 0x0000000087400000|  0%| F|  |TAMS 0x0000000087300000| PB 0x0000000087300000| Untracked 
|  40|0x0000000087400000, 0x0000000087400000, 0x0000000087500000|  0%| F|  |TAMS 0x0000000087400000| PB 0x0000000087400000| Untracked 
|  41|0x0000000087500000, 0x0000000087500000, 0x0000000087600000|  0%| F|  |TAMS 0x0000000087500000| PB 0x0000000087500000| Untracked 
|  42|0x0000000087600000, 0x0000000087600000, 0x0000000087700000|  0%| F|  |TAMS 0x0000000087600000| PB 0x0000000087600000| Untracked 
|  43|0x0000000087700000, 0x0000000087700000, 0x0000000087800000|  0%| F|  |TAMS 0x0000000087700000| PB 0x0000000087700000| Untracked 
|  44|0x0000000087800000, 0x0000000087800000, 0x0000000087900000|  0%| F|  |TAMS 0x0000000087800000| PB 0x0000000087800000| Untracked 
|  45|0x0000000087900000, 0x0000000087900000, 0x0000000087a00000|  0%| F|  |TAMS 0x0000000087900000| PB 0x0000000087900000| Untracked 
|  46|0x0000000087a00000, 0x0000000087a00000, 0x0000000087b00000|  0%| F|  |TAMS 0x0000000087a00000| PB 0x0000000087a00000| Untracked 
|  47|0x0000000087b00000, 0x0000000087b00000, 0x0000000087c00000|  0%| F|  |TAMS 0x0000000087b00000| PB 0x0000000087b00000| Untracked 
|  48|0x0000000087c00000, 0x0000000087c00000, 0x0000000087d00000|  0%| F|  |TAMS 0x0000000087c00000| PB 0x0000000087c00000| Untracked 
|  49|0x0000000087d00000, 0x0000000087d00000, 0x0000000087e00000|  0%| F|  |TAMS 0x0000000087d00000| PB 0x0000000087d00000| Untracked 
|  50|0x0000000087e00000, 0x0000000087eb72e8, 0x0000000087f00000| 71%| S|CS|TAMS 0x0000000087e00000| PB 0x0000000087e00000| Complete 
|  51|0x0000000087f00000, 0x0000000088000000, 0x0000000088000000|100%| S|CS|TAMS 0x0000000087f00000| PB 0x0000000087f00000| Complete 
|  52|0x0000000088000000, 0x0000000088100000, 0x0000000088100000|100%| S|CS|TAMS 0x0000000088000000| PB 0x0000000088000000| Complete 
|  53|0x0000000088100000, 0x0000000088100000, 0x0000000088200000|  0%| F|  |TAMS 0x0000000088100000| PB 0x0000000088100000| Untracked 
|  54|0x0000000088200000, 0x0000000088200000, 0x0000000088300000|  0%| F|  |TAMS 0x0000000088200000| PB 0x0000000088200000| Untracked 
|  55|0x0000000088300000, 0x0000000088300000, 0x0000000088400000|  0%| F|  |TAMS 0x0000000088300000| PB 0x0000000088300000| Untracked 
|  56|0x0000000088400000, 0x0000000088400000, 0x0000000088500000|  0%| F|  |TAMS 0x0000000088400000| PB 0x0000000088400000| Untracked 
|  57|0x0000000088500000, 0x0000000088500000, 0x0000000088600000|  0%| F|  |TAMS 0x0000000088500000| PB 0x0000000088500000| Untracked 
|  58|0x0000000088600000, 0x0000000088600000, 0x0000000088700000|  0%| F|  |TAMS 0x0000000088600000| PB 0x0000000088600000| Untracked 
|  59|0x0000000088700000, 0x0000000088700000, 0x0000000088800000|  0%| F|  |TAMS 0x0000000088700000| PB 0x0000000088700000| Untracked 
|  60|0x0000000088800000, 0x0000000088800000, 0x0000000088900000|  0%| F|  |TAMS 0x0000000088800000| PB 0x0000000088800000| Untracked 
|  61|0x0000000088900000, 0x0000000088900000, 0x0000000088a00000|  0%| F|  |TAMS 0x0000000088900000| PB 0x0000000088900000| Untracked 
|  62|0x0000000088a00000, 0x0000000088a00000, 0x0000000088b00000|  0%| F|  |TAMS 0x0000000088a00000| PB 0x0000000088a00000| Untracked 
|  63|0x0000000088b00000, 0x0000000088b00000, 0x0000000088c00000|  0%| F|  |TAMS 0x0000000088b00000| PB 0x0000000088b00000| Untracked 
|  64|0x0000000088c00000, 0x0000000088c00000, 0x0000000088d00000|  0%| F|  |TAMS 0x0000000088c00000| PB 0x0000000088c00000| Untracked 
|  65|0x0000000088d00000, 0x0000000088d00000, 0x0000000088e00000|  0%| F|  |TAMS 0x0000000088d00000| PB 0x0000000088d00000| Untracked 
|  66|0x0000000088e00000, 0x0000000088e00000, 0x0000000088f00000|  0%| F|  |TAMS 0x0000000088e00000| PB 0x0000000088e00000| Untracked 
|  67|0x0000000088f00000, 0x0000000088f00000, 0x0000000089000000|  0%| F|  |TAMS 0x0000000088f00000| PB 0x0000000088f00000| Untracked 
|  68|0x0000000089000000, 0x0000000089000000, 0x0000000089100000|  0%| F|  |TAMS 0x0000000089000000| PB 0x0000000089000000| Untracked 
|  69|0x0000000089100000, 0x0000000089100000, 0x0000000089200000|  0%| F|  |TAMS 0x0000000089100000| PB 0x0000000089100000| Untracked 
|  70|0x0000000089200000, 0x0000000089200000, 0x0000000089300000|  0%| F|  |TAMS 0x0000000089200000| PB 0x0000000089200000| Untracked 
|  71|0x0000000089300000, 0x0000000089300000, 0x0000000089400000|  0%| F|  |TAMS 0x0000000089300000| PB 0x0000000089300000| Untracked 
|  72|0x0000000089400000, 0x0000000089400000, 0x0000000089500000|  0%| F|  |TAMS 0x0000000089400000| PB 0x0000000089400000| Untracked 
|  73|0x0000000089500000, 0x0000000089500000, 0x0000000089600000|  0%| F|  |TAMS 0x0000000089500000| PB 0x0000000089500000| Untracked 
|  74|0x0000000089600000, 0x0000000089600000, 0x0000000089700000|  0%| F|  |TAMS 0x0000000089600000| PB 0x0000000089600000| Untracked 
|  75|0x0000000089700000, 0x0000000089700000, 0x0000000089800000|  0%| F|  |TAMS 0x0000000089700000| PB 0x0000000089700000| Untracked 
|  76|0x0000000089800000, 0x0000000089800000, 0x0000000089900000|  0%| F|  |TAMS 0x0000000089800000| PB 0x0000000089800000| Untracked 
|  77|0x0000000089900000, 0x0000000089900000, 0x0000000089a00000|  0%| F|  |TAMS 0x0000000089900000| PB 0x0000000089900000| Untracked 
|  78|0x0000000089a00000, 0x0000000089a00000, 0x0000000089b00000|  0%| F|  |TAMS 0x0000000089a00000| PB 0x0000000089a00000| Untracked 
|  79|0x0000000089b00000, 0x0000000089b00000, 0x0000000089c00000|  0%| F|  |TAMS 0x0000000089b00000| PB 0x0000000089b00000| Untracked 
|  80|0x0000000089c00000, 0x0000000089c00000, 0x0000000089d00000|  0%| F|  |TAMS 0x0000000089c00000| PB 0x0000000089c00000| Untracked 
|  81|0x0000000089d00000, 0x0000000089d00000, 0x0000000089e00000|  0%| F|  |TAMS 0x0000000089d00000| PB 0x0000000089d00000| Untracked 
|  82|0x0000000089e00000, 0x0000000089e00000, 0x0000000089f00000|  0%| F|  |TAMS 0x0000000089e00000| PB 0x0000000089e00000| Untracked 
|  83|0x0000000089f00000, 0x0000000089f00000, 0x000000008a000000|  0%| F|  |TAMS 0x0000000089f00000| PB 0x0000000089f00000| Untracked 
|  84|0x000000008a000000, 0x000000008a000000, 0x000000008a100000|  0%| F|  |TAMS 0x000000008a000000| PB 0x000000008a000000| Untracked 
|  85|0x000000008a100000, 0x000000008a100000, 0x000000008a200000|  0%| F|  |TAMS 0x000000008a100000| PB 0x000000008a100000| Untracked 
|  86|0x000000008a200000, 0x000000008a200000, 0x000000008a300000|  0%| F|  |TAMS 0x000000008a200000| PB 0x000000008a200000| Untracked 
|  87|0x000000008a300000, 0x000000008a300000, 0x000000008a400000|  0%| F|  |TAMS 0x000000008a300000| PB 0x000000008a300000| Untracked 
|  88|0x000000008a400000, 0x000000008a400000, 0x000000008a500000|  0%| F|  |TAMS 0x000000008a400000| PB 0x000000008a400000| Untracked 
|  89|0x000000008a500000, 0x000000008a500000, 0x000000008a600000|  0%| F|  |TAMS 0x000000008a500000| PB 0x000000008a500000| Untracked 
|  90|0x000000008a600000, 0x000000008a600000, 0x000000008a700000|  0%| F|  |TAMS 0x000000008a600000| PB 0x000000008a600000| Untracked 
|  91|0x000000008a700000, 0x000000008a700000, 0x000000008a800000|  0%| F|  |TAMS 0x000000008a700000| PB 0x000000008a700000| Untracked 
|  92|0x000000008a800000, 0x000000008a800000, 0x000000008a900000|  0%| F|  |TAMS 0x000000008a800000| PB 0x000000008a800000| Untracked 
|  93|0x000000008a900000, 0x000000008a900000, 0x000000008aa00000|  0%| F|  |TAMS 0x000000008a900000| PB 0x000000008a900000| Untracked 
|  94|0x000000008aa00000, 0x000000008aa00000, 0x000000008ab00000|  0%| F|  |TAMS 0x000000008aa00000| PB 0x000000008aa00000| Untracked 
|  95|0x000000008ab00000, 0x000000008ab00000, 0x000000008ac00000|  0%| F|  |TAMS 0x000000008ab00000| PB 0x000000008ab00000| Untracked 
|  96|0x000000008ac00000, 0x000000008ac00000, 0x000000008ad00000|  0%| F|  |TAMS 0x000000008ac00000| PB 0x000000008ac00000| Untracked 
|  97|0x000000008ad00000, 0x000000008ad00000, 0x000000008ae00000|  0%| F|  |TAMS 0x000000008ad00000| PB 0x000000008ad00000| Untracked 
|  98|0x000000008ae00000, 0x000000008ae00000, 0x000000008af00000|  0%| F|  |TAMS 0x000000008ae00000| PB 0x000000008ae00000| Untracked 
|  99|0x000000008af00000, 0x000000008af00000, 0x000000008b000000|  0%| F|  |TAMS 0x000000008af00000| PB 0x000000008af00000| Untracked 
| 100|0x000000008b000000, 0x000000008b000000, 0x000000008b100000|  0%| F|  |TAMS 0x000000008b000000| PB 0x000000008b000000| Untracked 
| 101|0x000000008b100000, 0x000000008b100000, 0x000000008b200000|  0%| F|  |TAMS 0x000000008b100000| PB 0x000000008b100000| Untracked 
| 102|0x000000008b200000, 0x000000008b200000, 0x000000008b300000|  0%| F|  |TAMS 0x000000008b200000| PB 0x000000008b200000| Untracked 
| 103|0x000000008b300000, 0x000000008b300000, 0x000000008b400000|  0%| F|  |TAMS 0x000000008b300000| PB 0x000000008b300000| Untracked 
| 104|0x000000008b400000, 0x000000008b400000, 0x000000008b500000|  0%| F|  |TAMS 0x000000008b400000| PB 0x000000008b400000| Untracked 
| 105|0x000000008b500000, 0x000000008b500000, 0x000000008b600000|  0%| F|  |TAMS 0x000000008b500000| PB 0x000000008b500000| Untracked 
| 106|0x000000008b600000, 0x000000008b600000, 0x000000008b700000|  0%| F|  |TAMS 0x000000008b600000| PB 0x000000008b600000| Untracked 
| 107|0x000000008b700000, 0x000000008b700000, 0x000000008b800000|  0%| F|  |TAMS 0x000000008b700000| PB 0x000000008b700000| Untracked 
| 108|0x000000008b800000, 0x000000008b800000, 0x000000008b900000|  0%| F|  |TAMS 0x000000008b800000| PB 0x000000008b800000| Untracked 
| 109|0x000000008b900000, 0x000000008b900000, 0x000000008ba00000|  0%| F|  |TAMS 0x000000008b900000| PB 0x000000008b900000| Untracked 
| 110|0x000000008ba00000, 0x000000008ba00000, 0x000000008bb00000|  0%| F|  |TAMS 0x000000008ba00000| PB 0x000000008ba00000| Untracked 
| 111|0x000000008bb00000, 0x000000008bb00000, 0x000000008bc00000|  0%| F|  |TAMS 0x000000008bb00000| PB 0x000000008bb00000| Untracked 
| 112|0x000000008bc00000, 0x000000008bc00000, 0x000000008bd00000|  0%| F|  |TAMS 0x000000008bc00000| PB 0x000000008bc00000| Untracked 
| 113|0x000000008bd00000, 0x000000008bd00000, 0x000000008be00000|  0%| F|  |TAMS 0x000000008bd00000| PB 0x000000008bd00000| Untracked 
| 114|0x000000008be00000, 0x000000008be00000, 0x000000008bf00000|  0%| F|  |TAMS 0x000000008be00000| PB 0x000000008be00000| Untracked 
| 115|0x000000008bf00000, 0x000000008bf00000, 0x000000008c000000|  0%| F|  |TAMS 0x000000008bf00000| PB 0x000000008bf00000| Untracked 
| 116|0x000000008c000000, 0x000000008c000000, 0x000000008c100000|  0%| F|  |TAMS 0x000000008c000000| PB 0x000000008c000000| Untracked 
| 117|0x000000008c100000, 0x000000008c100000, 0x000000008c200000|  0%| F|  |TAMS 0x000000008c100000| PB 0x000000008c100000| Untracked 
| 118|0x000000008c200000, 0x000000008c200000, 0x000000008c300000|  0%| F|  |TAMS 0x000000008c200000| PB 0x000000008c200000| Untracked 
| 119|0x000000008c300000, 0x000000008c300000, 0x000000008c400000|  0%| F|  |TAMS 0x000000008c300000| PB 0x000000008c300000| Untracked 
| 120|0x000000008c400000, 0x000000008c479b48, 0x000000008c500000| 47%| E|  |TAMS 0x000000008c400000| PB 0x000000008c400000| Complete 
| 121|0x000000008c500000, 0x000000008c600000, 0x000000008c600000|100%| E|CS|TAMS 0x000000008c500000| PB 0x000000008c500000| Complete 
| 122|0x000000008c600000, 0x000000008c700000, 0x000000008c700000|100%| E|CS|TAMS 0x000000008c600000| PB 0x000000008c600000| Complete 
| 123|0x000000008c700000, 0x000000008c800000, 0x000000008c800000|100%| E|CS|TAMS 0x000000008c700000| PB 0x000000008c700000| Complete 

Card table byte_map: [0x000001b924b70000,0x000001b924f50000] _byte_map_base: 0x000001b92474a000

Marking Bits: (CMBitMap*) 0x000001b90d3f8d00
 Bits: [0x000001b925330000, 0x000001b927200000)

Polling page: 0x000001b90cb60000

Metaspace:

Usage:
  Non-class:      4.43 MB used.
      Class:    293.09 KB used.
       Both:      4.72 MB used.

Virtual space:
  Non-class space:       64.00 MB reserved,       4.56 MB (  7%) committed,  1 nodes.
      Class space:        1.00 GB reserved,     384.00 KB ( <1%) committed,  1 nodes.
             Both:        1.06 GB reserved,       4.94 MB ( <1%) committed. 

Chunk freelists:
   Non-Class:  1.45 MB
       Class:  3.57 MB
        Both:  5.02 MB

MaxMetaspaceSize: unlimited
CompressedClassSpaceSize: 1.00 GB
Initial GC threshold: 21.00 MB
Current GC threshold: 21.00 MB
CDS: on
MetaspaceReclaimPolicy: balanced
 - commit_granule_bytes: 65536.
 - commit_granule_words: 8192.
 - virtual_space_node_default_size: 8388608.
 - enlarge_chunks_in_place: 1.
 - new_chunks_are_fully_committed: 0.
 - uncommit_free_chunks: 1.
 - use_allocation_guard: 0.


Internal statistics:

num_allocs_failed_limit: 0.
num_arena_births: 132.
num_arena_deaths: 0.
num_vsnodes_births: 2.
num_vsnodes_deaths: 0.
num_space_committed: 77.
num_space_uncommitted: 0.
num_chunks_returned_to_freelist: 0.
num_chunks_taken_from_freelist: 261.
num_chunk_merges: 0.
num_chunk_splits: 164.
num_chunks_enlarged: 110.
num_inconsistent_stats: 0.

CodeHeap 'non-profiled nmethods': size=120000Kb used=440Kb max_used=440Kb free=119559Kb
 bounds [0x000001b91cf30000, 0x000001b91d1a0000, 0x000001b924460000]
CodeHeap 'profiled nmethods': size=120000Kb used=1517Kb max_used=1517Kb free=118482Kb
 bounds [0x000001b915460000, 0x000001b9156d0000, 0x000001b91c990000]
CodeHeap 'non-nmethods': size=5760Kb used=2410Kb max_used=2432Kb free=3349Kb
 bounds [0x000001b91c990000, 0x000001b91cc00000, 0x000001b91cf30000]
 total_blobs=2134 nmethods=1062 adapters=983
 compilation: enabled
              stopped_count=0, restarted_count=0
 full_count=0

Compilation events (20 events):
Event: 37.967 Thread 0x000001b929c6c1a0 1054       3       java.lang.Integer::hashCode (8 bytes)
Event: 37.967 Thread 0x000001b929c6c1a0 nmethod 1054 0x000001b9155da910 code [0x000001b9155daaa0, 0x000001b9155dac08]
Event: 37.967 Thread 0x000001b929c6c1a0 1055       3       java.lang.Integer::hashCode (2 bytes)
Event: 37.967 Thread 0x000001b929c6c1a0 nmethod 1055 0x000001b9155dac90 code [0x000001b9155dae20, 0x000001b9155daf10]
Event: 38.733 Thread 0x000001b929c6c1a0 1056       3       java.lang.Math::max (46 bytes)
Event: 38.733 Thread 0x000001b929c6c1a0 nmethod 1056 0x000001b9155daf90 code [0x000001b9155db160, 0x000001b9155db4c8]
Event: 43.598 Thread 0x000001b929c62bf0 1057       4       bagel.Font::drawString (16 bytes)
Event: 43.599 Thread 0x000001b929c62bf0 nmethod 1057 0x000001b91cf94710 code [0x000001b91cf948a0, 0x000001b91cf94a38]
Event: 90.831 Thread 0x000001b929c62bf0 1058       4       org.lwjgl.glfw.GLFW::glfwWindowShouldClose (29 bytes)
Event: 90.831 Thread 0x000001b929c62bf0 nmethod 1058 0x000001b91cf94c10 code [0x000001b91cf94d80, 0x000001b91cf94e50]
Event: 92.964 Thread 0x000001b929c62bf0 1059       4       bagel.AbstractGame$$Lambda$58/0x000001b92b0203f0::run (8 bytes)
Event: 92.971 Thread 0x000001b929c62bf0 nmethod 1059 0x000001b91cf94f90 code [0x000001b91cf95160, 0x000001b91cf955f8]
Event: 108.126 Thread 0x000001b929c62bf0 1060       4       org.lwjgl.glfw.GLFW::glfwPollEvents (9 bytes)
Event: 108.126 Thread 0x000001b929c62bf0 nmethod 1060 0x000001b91cf95a90 code [0x000001b91cf95c00, 0x000001b91cf95c98]
Event: 108.126 Thread 0x000001b929c62bf0 1061       4       org.lwjgl.opengl.GL11::glClear (5 bytes)
Event: 108.126 Thread 0x000001b929c62bf0 nmethod 1061 0x000001b91cf95d90 code [0x000001b91cf95f00, 0x000001b91cf95f88]
Event: 110.258 Thread 0x000001b929c62bf0 1062       4       ShadowDance::update (373 bytes)
Event: 110.414 Thread 0x000001b929c62bf0 nmethod 1062 0x000001b91cf96090 code [0x000001b91cf96780, 0x000001b91cf9a878]
Event: 110.415 Thread 0x000001b929c62bf0 1063       4       org.lwjgl.glfw.GLFW::glfwSwapBuffers (21 bytes)
Event: 110.416 Thread 0x000001b929c62bf0 nmethod 1063 0x000001b91cf9de90 code [0x000001b91cf9e000, 0x000001b91cf9e0c0]

GC Heap History (8 events):
Event: 30.020 GC heap before
{Heap before GC invocations=0 (full 0):
 garbage-first heap   total 126976K, used 23552K [0x0000000084c00000, 0x0000000100000000)
  region size 1024K, 23 young (23552K), 0 survivors (0K)
 Metaspace       used 4820K, committed 5056K, reserved 1114112K
  class space    used 292K, committed 384K, reserved 1048576K
}
Event: 30.024 GC heap after
{Heap after GC invocations=1 (full 0):
 garbage-first heap   total 126976K, used 2944K [0x0000000084c00000, 0x0000000100000000)
  region size 1024K, 3 young (3072K), 3 survivors (3072K)
 Metaspace       used 4820K, committed 5056K, reserved 1114112K
  class space    used 292K, committed 384K, reserved 1048576K
}
Event: 55.227 GC heap before
{Heap before GC invocations=1 (full 0):
 garbage-first heap   total 126976K, used 36736K [0x0000000084c00000, 0x0000000100000000)
  region size 1024K, 36 young (36864K), 3 survivors (3072K)
 Metaspace       used 4827K, committed 5056K, reserved 1114112K
  class space    used 292K, committed 384K, reserved 1048576K
}
Event: 55.231 GC heap after
{Heap after GC invocations=2 (full 0):
 garbage-first heap   total 126976K, used 2539K [0x0000000084c00000, 0x0000000100000000)
  region size 1024K, 3 young (3072K), 3 survivors (3072K)
 Metaspace       used 4827K, committed 5056K, reserved 1114112K
  class space    used 292K, committed 384K, reserved 1048576K
}
Event: 116.656 GC heap before
{Heap before GC invocations=2 (full 0):
 garbage-first heap   total 126976K, used 75243K [0x0000000084c00000, 0x0000000100000000)
  region size 1024K, 74 young (75776K), 3 survivors (3072K)
 Metaspace       used 4827K, committed 5056K, reserved 1114112K
  class space    used 292K, committed 384K, reserved 1048576K
}
Event: 116.660 GC heap after
{Heap after GC invocations=3 (full 0):
 garbage-first heap   total 126976K, used 2781K [0x0000000084c00000, 0x0000000100000000)
  region size 1024K, 3 young (3072K), 3 survivors (3072K)
 Metaspace       used 4827K, committed 5056K, reserved 1114112K
  class space    used 292K, committed 384K, reserved 1048576K
}
Event: 178.134 GC heap before
{Heap before GC invocations=3 (full 0):
 garbage-first heap   total 126976K, used 75485K [0x0000000084c00000, 0x0000000100000000)
  region size 1024K, 74 young (75776K), 3 survivors (3072K)
 Metaspace       used 4827K, committed 5056K, reserved 1114112K
  class space    used 292K, committed 384K, reserved 1048576K
}
Event: 178.137 GC heap after
{Heap after GC invocations=4 (full 0):
 garbage-first heap   total 126976K, used 2780K [0x0000000084c00000, 0x0000000100000000)
  region size 1024K, 3 young (3072K), 3 survivors (3072K)
 Metaspace       used 4827K, committed 5056K, reserved 1114112K
  class space    used 292K, committed 384K, reserved 1048576K
}

Dll operation events (13 events):
Event: 0.010 Loaded shared library C:\Users\erigu\.jdks\openjdk-20.0.2\bin\java.dll
Event: 0.028 Loaded shared library C:\Users\erigu\.jdks\openjdk-20.0.2\bin\jsvml.dll
Event: 0.071 Loaded shared library C:\Users\erigu\.jdks\openjdk-20.0.2\bin\zip.dll
Event: 0.073 Loaded shared library C:\Users\erigu\.jdks\openjdk-20.0.2\bin\instrument.dll
Event: 0.078 Loaded shared library C:\Users\erigu\.jdks\openjdk-20.0.2\bin\net.dll
Event: 0.080 Loaded shared library C:\Users\erigu\.jdks\openjdk-20.0.2\bin\nio.dll
Event: 0.083 Loaded shared library C:\Users\erigu\.jdks\openjdk-20.0.2\bin\zip.dll
Event: 0.096 Loaded shared library C:\Program Files\JetBrains\IntelliJ IDEA 2023.1.2\bin\breakgen64.dll
Event: 0.104 Loaded shared library C:\Users\erigu\.jdks\openjdk-20.0.2\bin\extnet.dll
Event: 0.135 Loaded shared library C:\Users\erigu\.jdks\openjdk-20.0.2\bin\jimage.dll
Event: 0.151 Loaded shared library C:\Users\erigu\AppData\Local\Temp\lwjglerigu\3.3.1-build-7\lwjgl.dll
Event: 0.272 Loaded shared library C:\Users\erigu\AppData\Local\Temp\lwjglerigu\3.3.1-build-7\lwjgl_opengl.dll
Event: 0.393 Loaded shared library C:\Users\erigu\AppData\Local\Temp\lwjglerigu\3.3.1-build-7\lwjgl_stb.dll

Deoptimization events (20 events):
Event: 1.055 Thread 0x000001b929c58350 DEOPT PACKING pc=0x000001b91cf7914c sp=0x0000007d148ff060
Event: 1.055 Thread 0x000001b929c58350 DEOPT UNPACKING pc=0x000001b91c9ad2a2 sp=0x0000007d148ff000 mode 2
Event: 2.014 Thread 0x000001b90d399600 Uncommon trap: trap_request=0xffffff45 fr.pc=0x000001b91cf7c5d4 relative=0x00000000000000b4
Event: 2.014 Thread 0x000001b90d399600 Uncommon trap: reason=unstable_if action=reinterpret pc=0x000001b91cf7c5d4 method=bagel.Input.lambda$updateState$2(Lbagel/Keys;Lbagel/ButtonState;)V @ 27 c2
Event: 2.014 Thread 0x000001b90d399600 DEOPT PACKING pc=0x000001b91cf7c5d4 sp=0x0000007d13eff330
Event: 2.014 Thread 0x000001b90d399600 DEOPT UNPACKING pc=0x000001b91c9ad2a2 sp=0x0000007d13eff248 mode 2
Event: 6.061 Thread 0x000001b90d399600 DEOPT PACKING pc=0x000001b9155980b2 sp=0x0000007d13eff360
Event: 6.061 Thread 0x000001b90d399600 DEOPT UNPACKING pc=0x000001b91c9fe462 sp=0x0000007d13efe818 mode 0
Event: 7.410 Thread 0x000001b90d399600 Uncommon trap: trap_request=0xffffff45 fr.pc=0x000001b91cf78674 relative=0x0000000000000ad4
Event: 7.410 Thread 0x000001b90d399600 Uncommon trap: reason=unstable_if action=reinterpret pc=0x000001b91cf78674 method=java.util.HashMap.putVal(ILjava/lang/Object;Ljava/lang/Object;ZZ)Ljava/lang/Object; @ 181 c2
Event: 7.410 Thread 0x000001b90d399600 DEOPT PACKING pc=0x000001b91cf78674 sp=0x0000007d13efe3e0
Event: 7.410 Thread 0x000001b90d399600 DEOPT UNPACKING pc=0x000001b91c9ad2a2 sp=0x0000007d13efe338 mode 2
Event: 7.410 Thread 0x000001b90d399600 Uncommon trap: trap_request=0xffffff45 fr.pc=0x000001b91cf3d710 relative=0x0000000000000890
Event: 7.410 Thread 0x000001b90d399600 Uncommon trap: reason=unstable_if action=reinterpret pc=0x000001b91cf3d710 method=java.util.HashMap.putVal(ILjava/lang/Object;Ljava/lang/Object;ZZ)Ljava/lang/Object; @ 181 c2
Event: 7.410 Thread 0x000001b90d399600 DEOPT PACKING pc=0x000001b91cf3d710 sp=0x0000007d13eff230
Event: 7.410 Thread 0x000001b90d399600 DEOPT UNPACKING pc=0x000001b91c9ad2a2 sp=0x0000007d13eff210 mode 2
Event: 30.024 Thread 0x000001b929c514e0 Uncommon trap: trap_request=0xffffff45 fr.pc=0x000001b91cf79440 relative=0x0000000000000040
Event: 30.024 Thread 0x000001b929c514e0 Uncommon trap: reason=unstable_if action=reinterpret pc=0x000001b91cf79440 method=java.util.concurrent.locks.AbstractQueuedSynchronizer.signalNext(Ljava/util/concurrent/locks/AbstractQueuedSynchronizer$Node;)V @ 1 c2
Event: 30.024 Thread 0x000001b929c514e0 DEOPT PACKING pc=0x000001b91cf79440 sp=0x0000007d145ff490
Event: 30.024 Thread 0x000001b929c514e0 DEOPT UNPACKING pc=0x000001b91c9ad2a2 sp=0x0000007d145ff420 mode 2

Classes loaded (20 events):
Event: 1.046 Loading class java/io/Externalizable done
Event: 1.046 Loading class java/time/zone/Ser done
Event: 1.046 Loading class java/time/Month
Event: 1.047 Loading class java/time/Month done
Event: 1.047 Loading class java/time/DayOfWeek
Event: 1.047 Loading class java/time/DayOfWeek done
Event: 1.047 Loading class java/time/zone/ZoneOffsetTransitionRule$TimeDefinition
Event: 1.047 Loading class java/time/zone/ZoneOffsetTransitionRule$TimeDefinition done
Event: 1.049 Loading class java/time/zone/ZoneOffsetTransition
Event: 1.049 Loading class java/time/zone/ZoneOffsetTransition done
Event: 1.050 Loading class sun/util/cldr/CLDRBaseLocaleDataMetaInfo$TZCanonicalIDMapHolder
Event: 1.051 Loading class sun/util/cldr/CLDRBaseLocaleDataMetaInfo$TZCanonicalIDMapHolder done
Event: 1.052 Loading class sun/util/resources/TimeZoneNames
Event: 1.052 Loading class sun/util/resources/TimeZoneNames done
Event: 1.052 Loading class sun/util/resources/TimeZoneNames_en
Event: 1.052 Loading class sun/util/resources/TimeZoneNames_en done
Event: 2.831 Loading class java/io/FileReader
Event: 2.831 Loading class java/io/FileReader done
Event: 180.366 Loading class jdk/internal/misc/Signal$1
Event: 180.366 Loading class jdk/internal/misc/Signal$1 done

Classes unloaded (0 events):
No events

Classes redefined (0 events):
No events

Internal exceptions (20 events):
Event: 0.157 Thread 0x000001b90d399600 Exception <a 'sun/nio/fs/WindowsException'{0x000000008c3922a0}> (0x000000008c3922a0) 
thrown [s\open\src\hotspot\share\prims\jni.cpp, line 519]
Event: 0.165 Thread 0x000001b90d399600 Exception <a 'java/lang/NoSuchMethodError'{0x000000008c3dcc20}: 'int java.lang.invoke.DirectMethodHandle$Holder.invokeStaticInit(java.lang.Object, java.lang.Object, int, long)'> (0x000000008c3dcc20) 
thrown [s\open\src\hotspot\share\interpreter\linkResolver.cpp, line 773]
Event: 0.166 Thread 0x000001b90d399600 Exception <a 'java/lang/NoSuchMethodError'{0x000000008c3e2258}: 'java.lang.Object java.lang.invoke.DirectMethodHandle$Holder.newInvokeSpecial(java.lang.Object, java.lang.Object, int)'> (0x000000008c3e2258) 
thrown [s\open\src\hotspot\share\interpreter\linkResolver.cpp, line 773]
Event: 0.168 Thread 0x000001b90d399600 Exception <a 'java/lang/NoSuchMethodError'{0x000000008c3f05e8}: 'int java.lang.invoke.DirectMethodHandle$Holder.invokeStaticInit(java.lang.Object, java.lang.Object, long, long)'> (0x000000008c3f05e8) 
thrown [s\open\src\hotspot\share\interpreter\linkResolver.cpp, line 773]
Event: 0.169 Thread 0x000001b90d399600 Exception <a 'java/lang/NoSuchMethodError'{0x000000008c3f66a0}: 'java.lang.Object java.lang.invoke.DirectMethodHandle$Holder.newInvokeSpecial(java.lang.Object, java.lang.Object, long)'> (0x000000008c3f66a0) 
thrown [s\open\src\hotspot\share\interpreter\linkResolver.cpp, line 773]
Event: 0.169 Thread 0x000001b90d399600 Exception <a 'java/lang/NoSuchMethodError'{0x000000008c3fa458}: 'java.lang.Object java.lang.invoke.Invokers$Holder.linkToTargetMethod(java.lang.Object, long, java.lang.Object)'> (0x000000008c3fa458) 
thrown [s\open\src\hotspot\share\interpreter\linkResolver.cpp, line 773]
Event: 0.170 Thread 0x000001b90d399600 Exception <a 'java/lang/NoSuchMethodError'{0x000000008c201b80}: 'int java.lang.invoke.DirectMethodHandle$Holder.invokeStaticInit(java.lang.Object, java.lang.Object, java.lang.Object, long)'> (0x000000008c201b80) 
thrown [s\open\src\hotspot\share\interpreter\linkResolver.cpp, line 773]
Event: 0.265 Thread 0x000001b90d399600 Exception <a 'java/lang/NoSuchMethodError'{0x000000008c2986d8}: 'void java.lang.System.load(java.lang.String, java.lang.Class)'> (0x000000008c2986d8) 
thrown [s\open\src\hotspot\share\interpreter\linkResolver.cpp, line 773]
Event: 0.266 Thread 0x000001b90d399600 Exception <a 'java/lang/NoSuchMethodError'{0x000000008c29b4c0}: 'void java.lang.System.loadLibrary(java.lang.String, java.lang.Class)'> (0x000000008c29b4c0) 
thrown [s\open\src\hotspot\share\interpreter\linkResolver.cpp, line 773]
Event: 0.271 Thread 0x000001b90d399600 Exception <a 'sun/nio/fs/WindowsException'{0x000000008c2aad88}> (0x000000008c2aad88) 
thrown [s\open\src\hotspot\share\prims\jni.cpp, line 519]
Event: 0.271 Thread 0x000001b90d399600 Exception <a 'sun/nio/fs/WindowsException'{0x000000008c2ab130}> (0x000000008c2ab130) 
thrown [s\open\src\hotspot\share\prims\jni.cpp, line 519]
Event: 0.275 Thread 0x000001b90d399600 Exception <a 'sun/nio/fs/WindowsException'{0x000000008c2b0bb0}> (0x000000008c2b0bb0) 
thrown [s\open\src\hotspot\share\prims\jni.cpp, line 519]
Event: 0.275 Thread 0x000001b90d399600 Exception <a 'sun/nio/fs/WindowsException'{0x000000008c2b0e90}> (0x000000008c2b0e90) 
thrown [s\open\src\hotspot\share\prims\jni.cpp, line 519]
Event: 0.384 Thread 0x000001b90d399600 Exception <a 'java/lang/NoSuchMethodError'{0x000000008c0eb688}: 'void java.lang.System.load(java.lang.String, java.lang.Class)'> (0x000000008c0eb688) 
thrown [s\open\src\hotspot\share\interpreter\linkResolver.cpp, line 773]
Event: 0.386 Thread 0x000001b90d399600 Exception <a 'java/lang/NoSuchMethodError'{0x000000008c0f4550}: 'void java.lang.System.loadLibrary(java.lang.String, java.lang.Class)'> (0x000000008c0f4550) 
thrown [s\open\src\hotspot\share\interpreter\linkResolver.cpp, line 773]
Event: 0.392 Thread 0x000001b90d399600 Exception <a 'sun/nio/fs/WindowsException'{0x000000008bf04ef8}> (0x000000008bf04ef8) 
thrown [s\open\src\hotspot\share\prims\jni.cpp, line 519]
Event: 0.392 Thread 0x000001b90d399600 Exception <a 'sun/nio/fs/WindowsException'{0x000000008bf05278}> (0x000000008bf05278) 
thrown [s\open\src\hotspot\share\prims\jni.cpp, line 519]
Event: 0.529 Thread 0x000001b90d399600 Exception <a 'java/lang/NoSuchMethodError'{0x000000008beca6c8}: 'void java.lang.invoke.DirectMethodHandle$Holder.invokeVirtual(java.lang.Object, java.lang.Object)'> (0x000000008beca6c8) 
thrown [s\open\src\hotspot\share\interpreter\linkResolver.cpp, line 773]
Event: 1.054 Thread 0x000001b929c58350 Exception <a 'java/lang/NoSuchMethodError'{0x000000008bc5c070}: 'java.lang.Object java.lang.invoke.Invokers$Holder.invokeExact_MT(java.lang.Object, java.lang.Object, java.lang.Object, java.lang.Object, java.lang.Object, java.lang.Object)'> (0x000000008bc5c070) 
thrown [s\open\src\hotspot\share\interpreter\linkResolver.cpp, line 773]
Event: 1.881 Thread 0x000001b90d399600 Exception <a 'java/lang/NoSuchMethodError'{0x000000008bb3cf98}: 'void java.lang.invoke.DirectMethodHandle$Holder.invokeStatic(java.lang.Object, int, java.lang.Object)'> (0x000000008bb3cf98) 
thrown [s\open\src\hotspot\share\interpreter\linkResolver.cpp, line 773]

VM Operations (20 events):
Event: 5.124 Executing VM operation: Cleanup done
Event: 7.150 Executing VM operation: Cleanup
Event: 7.150 Executing VM operation: Cleanup done
Event: 8.164 Executing VM operation: Cleanup
Event: 8.165 Executing VM operation: Cleanup done
Event: 21.302 Executing VM operation: Cleanup
Event: 21.302 Executing VM operation: Cleanup done
Event: 25.339 Executing VM operation: Cleanup
Event: 25.339 Executing VM operation: Cleanup done
Event: 30.019 Executing VM operation: G1CollectForAllocation
Event: 30.024 Executing VM operation: G1CollectForAllocation done
Event: 31.039 Executing VM operation: Cleanup
Event: 31.039 Executing VM operation: Cleanup done
Event: 55.227 Executing VM operation: G1CollectForAllocation
Event: 55.231 Executing VM operation: G1CollectForAllocation done
Event: 116.655 Executing VM operation: G1CollectForAllocation
Event: 116.660 Executing VM operation: G1CollectForAllocation done
Event: 178.134 Executing VM operation: G1CollectForAllocation
Event: 178.137 Executing VM operation: G1CollectForAllocation done
Event: 180.367 Executing VM operation: Exit

Events (15 events):
Event: 0.028 Thread 0x000001b90d399600 Thread added: 0x000001b90d399600
Event: 0.037 Thread 0x000001b929c514e0 Thread added: 0x000001b929c514e0
Event: 0.037 Thread 0x000001b929c52f20 Thread added: 0x000001b929c52f20
Event: 0.038 Thread 0x000001b929c54a90 Thread added: 0x000001b929c54a90
Event: 0.038 Thread 0x000001b929c58350 Thread added: 0x000001b929c58350
Event: 0.038 Thread 0x000001b929c5a230 Thread added: 0x000001b929c5a230
Event: 0.038 Thread 0x000001b929c5a870 Thread added: 0x000001b929c5a870
Event: 0.038 Thread 0x000001b929c62bf0 Thread added: 0x000001b929c62bf0
Event: 0.038 Thread 0x000001b929c6c1a0 Thread added: 0x000001b929c6c1a0
Event: 0.056 Thread 0x000001b96f0c4470 Thread added: 0x000001b96f0c4470
Event: 0.096 Thread 0x000001b96f2688f0 Thread added: 0x000001b96f2688f0
Event: 0.096 Thread 0x000001b96f268e40 Thread added: 0x000001b96f268e40
Event: 1.043 Thread 0x000001b97b4bc020 Thread added: 0x000001b97b4bc020
Event: 1.198 Thread 0x000001b97b4bc020 Thread exited: 0x000001b97b4bc020
Event: 180.367 Thread 0x000001b96fad9e50 Thread added: 0x000001b96fad9e50


Dynamic libraries:
0x00007ff6cc890000 - 0x00007ff6cc89e000 	C:\Users\erigu\.jdks\openjdk-20.0.2\bin\java.exe
0x00007fff86e70000 - 0x00007fff87084000 	C:\WINDOWS\SYSTEM32\ntdll.dll
0x00007fff84d40000 - 0x00007fff84e04000 	C:\WINDOWS\System32\KERNEL32.DLL
0x00007fff84520000 - 0x00007fff848c4000 	C:\WINDOWS\System32\KERNELBASE.dll
0x00007fff84ae0000 - 0x00007fff84bf1000 	C:\WINDOWS\System32\ucrtbase.dll
0x00007fff396a0000 - 0x00007fff396b7000 	C:\Users\erigu\.jdks\openjdk-20.0.2\bin\jli.dll
0x00007fff2fa30000 - 0x00007fff2fa4b000 	C:\Users\erigu\.jdks\openjdk-20.0.2\bin\VCRUNTIME140.dll
0x00007fff861d0000 - 0x00007fff8637e000 	C:\WINDOWS\System32\USER32.dll
0x00007fff84ab0000 - 0x00007fff84ad6000 	C:\WINDOWS\System32\win32u.dll
0x00007fff6caa0000 - 0x00007fff6cd33000 	C:\WINDOWS\WinSxS\amd64_microsoft.windows.common-controls_6595b64144ccf1df_6.0.22621.2215_none_270d72677387dfc3\COMCTL32.dll
0x00007fff86540000 - 0x00007fff86569000 	C:\WINDOWS\System32\GDI32.dll
0x00007fff860f0000 - 0x00007fff86197000 	C:\WINDOWS\System32\msvcrt.dll
0x00007fff84220000 - 0x00007fff84338000 	C:\WINDOWS\System32\gdi32full.dll
0x00007fff84950000 - 0x00007fff849ea000 	C:\WINDOWS\System32\msvcp_win.dll
0x00007fff86020000 - 0x00007fff86051000 	C:\WINDOWS\System32\IMM32.DLL
0x00007fff48370000 - 0x00007fff4837c000 	C:\Users\erigu\.jdks\openjdk-20.0.2\bin\vcruntime140_1.dll
0x00007fff12040000 - 0x00007fff120ce000 	C:\Users\erigu\.jdks\openjdk-20.0.2\bin\msvcp140.dll
0x00007fff02b20000 - 0x00007fff037b8000 	C:\Users\erigu\.jdks\openjdk-20.0.2\bin\server\jvm.dll
0x00007fff85650000 - 0x00007fff85700000 	C:\WINDOWS\System32\ADVAPI32.dll
0x00007fff86d80000 - 0x00007fff86e26000 	C:\WINDOWS\System32\sechost.dll
0x00007fff86c60000 - 0x00007fff86d77000 	C:\WINDOWS\System32\RPCRT4.dll
0x00007fff7a6e0000 - 0x00007fff7a714000 	C:\WINDOWS\SYSTEM32\WINMM.dll
0x00007fff7b6d0000 - 0x00007fff7b6d9000 	C:\WINDOWS\SYSTEM32\WSOCK32.dll
0x00007fff78780000 - 0x00007fff7878a000 	C:\WINDOWS\SYSTEM32\VERSION.dll
0x00007fff852d0000 - 0x00007fff85341000 	C:\WINDOWS\System32\WS2_32.dll
0x00007fff83360000 - 0x00007fff83378000 	C:\WINDOWS\SYSTEM32\kernel.appcore.dll
0x00007fff46340000 - 0x00007fff4634a000 	C:\Users\erigu\.jdks\openjdk-20.0.2\bin\jimage.dll
0x00007fff7adc0000 - 0x00007fff7afee000 	C:\WINDOWS\SYSTEM32\DBGHELP.DLL
0x00007fff84f40000 - 0x00007fff852ca000 	C:\WINDOWS\System32\combase.dll
0x00007fff85710000 - 0x00007fff857e7000 	C:\WINDOWS\System32\OLEAUT32.dll
0x00007fff602c0000 - 0x00007fff602f2000 	C:\WINDOWS\SYSTEM32\dbgcore.DLL
0x00007fff848d0000 - 0x00007fff8494a000 	C:\WINDOWS\System32\bcryptPrimitives.dll
0x00007fff81360000 - 0x00007fff8136e000 	C:\Users\erigu\.jdks\openjdk-20.0.2\bin\instrument.dll
0x00007fff12010000 - 0x00007fff12036000 	C:\Users\erigu\.jdks\openjdk-20.0.2\bin\java.dll
0x00007fff02a40000 - 0x00007fff02b17000 	C:\Users\erigu\.jdks\openjdk-20.0.2\bin\jsvml.dll
0x00007fff857f0000 - 0x00007fff86013000 	C:\WINDOWS\System32\SHELL32.dll
0x00007fff821b0000 - 0x00007fff82a9a000 	C:\WINDOWS\SYSTEM32\windows.storage.dll
0x00007fff82070000 - 0x00007fff821ae000 	C:\WINDOWS\SYSTEM32\wintypes.dll
0x00007fff866c0000 - 0x00007fff867b3000 	C:\WINDOWS\System32\SHCORE.dll
0x00007fff84c60000 - 0x00007fff84cbe000 	C:\WINDOWS\System32\shlwapi.dll
0x00007fff84150000 - 0x00007fff84176000 	C:\WINDOWS\SYSTEM32\profapi.dll
0x00007ffefff70000 - 0x00007ffefff88000 	C:\Users\erigu\.jdks\openjdk-20.0.2\bin\zip.dll
0x00007fff028b0000 - 0x00007fff028c3000 	C:\Users\erigu\.jdks\openjdk-20.0.2\bin\net.dll
0x00007fff7e170000 - 0x00007fff7e2a7000 	C:\WINDOWS\SYSTEM32\WINHTTP.dll
0x00007fff837e0000 - 0x00007fff83849000 	C:\WINDOWS\system32\mswsock.dll
0x00007fff002e0000 - 0x00007fff002f6000 	C:\Users\erigu\.jdks\openjdk-20.0.2\bin\nio.dll
0x00007fff708c0000 - 0x00007fff708da000 	C:\Program Files\JetBrains\IntelliJ IDEA 2023.1.2\bin\breakgen64.dll
0x00007fff127c0000 - 0x00007fff127c7000 	C:\Users\erigu\.jdks\openjdk-20.0.2\bin\extnet.dll
0x00007fff64fb0000 - 0x00007fff65025000 	C:\Users\erigu\AppData\Local\Temp\lwjglerigu\3.3.1-build-7\lwjgl.dll
0x00007fff4a6b0000 - 0x00007fff4a711000 	C:\Users\erigu\AppData\Local\Temp\lwjglerigu\3.3.1-build-7\glfw.dll
0x00007fff59ce0000 - 0x00007fff59d26000 	C:\WINDOWS\SYSTEM32\dinput8.dll
0x00007fff5ac60000 - 0x00007fff5ac71000 	C:\WINDOWS\SYSTEM32\xinput1_4.dll
0x00007fff83ee0000 - 0x00007fff83f0c000 	C:\WINDOWS\SYSTEM32\DEVOBJ.dll
0x00007fff83f10000 - 0x00007fff83f5e000 	C:\WINDOWS\SYSTEM32\cfgmgr32.dll
0x00007fff819e0000 - 0x00007fff81a0b000 	C:\WINDOWS\SYSTEM32\dwmapi.dll
0x00007fff6f430000 - 0x00007fff6f63a000 	C:\WINDOWS\SYSTEM32\inputhost.dll
0x00007fff81200000 - 0x00007fff81333000 	C:\WINDOWS\SYSTEM32\CoreMessaging.dll
0x00007fff81770000 - 0x00007fff8181b000 	C:\WINDOWS\system32\uxtheme.dll
0x00007fff854f0000 - 0x00007fff85639000 	C:\WINDOWS\System32\MSCTF.dll
0x00007fff83a50000 - 0x00007fff83a5c000 	C:\WINDOWS\SYSTEM32\CRYPTBASE.DLL
0x00007fff6bfb0000 - 0x00007fff6c0b0000 	C:\WINDOWS\SYSTEM32\opengl32.dll
0x00007fff6d820000 - 0x00007fff6d84d000 	C:\WINDOWS\SYSTEM32\GLU32.dll
0x00007fff81880000 - 0x00007fff818b8000 	C:\WINDOWS\SYSTEM32\dxcore.dll
0x00007fff7e2d0000 - 0x00007fff7e31a000 	C:\WINDOWS\SYSTEM32\directxdatabasehelper.dll
0x00007fff84e10000 - 0x00007fff84ec0000 	C:\WINDOWS\System32\clbcatq.dll
0x00007ffee57b0000 - 0x00007ffee6837000 	C:\WINDOWS\System32\DriverStore\FileRepository\iigd_dch.inf_amd64_e32ced29f236e322\igxelpicd64.dll
0x00007fff85350000 - 0x00007fff854ee000 	C:\WINDOWS\System32\ole32.dll
0x00007fff818d0000 - 0x00007fff819c8000 	C:\WINDOWS\system32\dxgi.dll
0x00007fff40590000 - 0x00007fff406cc000 	C:\WINDOWS\System32\DriverStore\FileRepository\iigd_dch.inf_amd64_e32ced29f236e322\igdml64.dll
0x00007fff78240000 - 0x00007fff78649000 	C:\WINDOWS\System32\DriverStore\FileRepository\iigd_dch.inf_amd64_e32ced29f236e322\igdgmm64.dll
0x00007fff84340000 - 0x00007fff843ab000 	C:\WINDOWS\System32\WINTRUST.dll
0x00007fff843b0000 - 0x00007fff84516000 	C:\WINDOWS\System32\CRYPT32.dll
0x00007fff83a90000 - 0x00007fff83aa2000 	C:\WINDOWS\SYSTEM32\MSASN1.dll
0x00007fff71180000 - 0x00007fff74914000 	C:\WINDOWS\System32\DriverStore\FileRepository\iigd_dch.inf_amd64_e32ced29f236e322\igc64.dll
0x00007fff830d0000 - 0x00007fff8311d000 	C:\WINDOWS\SYSTEM32\powrprof.dll
0x00007fff830b0000 - 0x00007fff830c3000 	C:\WINDOWS\SYSTEM32\UMPDC.dll
0x00007fff4a650000 - 0x00007fff4a6ad000 	C:\Users\erigu\AppData\Local\Temp\lwjglerigu\3.3.1-build-7\lwjgl_opengl.dll
0x00007fff706a0000 - 0x00007fff707e4000 	C:\WINDOWS\SYSTEM32\textinputframework.dll
0x00007fff7d9d0000 - 0x00007fff7dd3c000 	C:\WINDOWS\SYSTEM32\CoreUIComponents.dll
0x00007fff645c0000 - 0x00007fff64629000 	C:\WINDOWS\system32\Oleacc.dll
0x00007fff46390000 - 0x00007fff46411000 	C:\Users\erigu\AppData\Local\Temp\lwjglerigu\3.3.1-build-7\lwjgl_stb.dll

dbghelp: loaded successfully - version: 4.0.5 - missing functions: none
symbol engine: initialized successfully - sym options: 0x614 - pdb path: .;C:\Users\erigu\.jdks\openjdk-20.0.2\bin;C:\WINDOWS\SYSTEM32;C:\WINDOWS\WinSxS\amd64_microsoft.windows.common-controls_6595b64144ccf1df_6.0.22621.2215_none_270d72677387dfc3;C:\Users\erigu\.jdks\openjdk-20.0.2\bin\server;C:\Program Files\JetBrains\IntelliJ IDEA 2023.1.2\bin;C:\Users\erigu\AppData\Local\Temp\lwjglerigu\3.3.1-build-7;C:\WINDOWS\System32\DriverStore\FileRepository\iigd_dch.inf_amd64_e32ced29f236e322

VM Arguments:
jvm_args: -javaagent:C:\Program Files\JetBrains\IntelliJ IDEA 2023.1.2\lib\idea_rt.jar=50727:C:\Program Files\JetBrains\IntelliJ IDEA 2023.1.2\bin -Dfile.encoding=UTF-8 -Dsun.stdout.encoding=UTF-8 -Dsun.stderr.encoding=UTF-8 
java_command: ShadowDance
java_class_path (initial): C:\Users\erigu\OneDrive\Desktop\oosd\egurung-project-2\project2\target\classes;C:\Users\erigu\.m2\repository\org\lwjgl\lwjgl\3.3.1\lwjgl-3.3.1.jar;C:\Users\erigu\.m2\repository\org\lwjgl\lwjgl-assimp\3.3.1\lwjgl-assimp-3.3.1.jar;C:\Users\erigu\.m2\repository\org\lwjgl\lwjgl-glfw\3.3.1\lwjgl-glfw-3.3.1.jar;C:\Users\erigu\.m2\repository\org\lwjgl\lwjgl-openal\3.3.1\lwjgl-openal-3.3.1.jar;C:\Users\erigu\.m2\repository\org\lwjgl\lwjgl-opengl\3.3.1\lwjgl-opengl-3.3.1.jar;C:\Users\erigu\.m2\repository\org\lwjgl\lwjgl-stb\3.3.1\lwjgl-stb-3.3.1.jar;C:\Users\erigu\.m2\repository\org\lwjgl\lwjgl\3.3.1\lwjgl-3.3.1-natives-windows.jar;C:\Users\erigu\.m2\repository\org\lwjgl\lwjgl-assimp\3.3.1\lwjgl-assimp-3.3.1-natives-windows.jar;C:\Users\erigu\.m2\repository\org\lwjgl\lwjgl-glfw\3.3.1\lwjgl-glfw-3.3.1-natives-windows.jar;C:\Users\erigu\.m2\repository\org\lwjgl\lwjgl-openal\3.3.1\lwjgl-openal-3.3.1-natives-windows.jar;C:\Users\erigu\.m2\repository\org\lwjgl\lwjgl-opengl\3.3.1\lwjgl-opengl-3.3.1-natives-windows.jar;C:\Users\erigu\.m2\repository\org\lwjgl\lwjgl-stb\3.3.1\lwjgl-stb-3.3.1-natives-windows.jar;C:\Users\erigu\.m2\repository\io\github\eleanor-em\bagel\1.9.3\bagel-1.9.3.jar
Launcher Type: SUN_STANDARD

[Global flags]
     intx CICompilerCount                          = 4                                         {product} {ergonomic}
     uint ConcGCThreads                            = 2                                         {product} {ergonomic}
     uint G1ConcRefinementThreads                  = 8                                         {product} {ergonomic}
   size_t G1HeapRegionSize                         = 1048576                                   {product} {ergonomic}
    uintx GCDrainStackTargetSize                   = 64                                        {product} {ergonomic}
   size_t InitialHeapSize                          = 130023424                                 {product} {ergonomic}
   size_t MarkStackSize                            = 4194304                                   {product} {ergonomic}
   size_t MaxHeapSize                              = 2067791872                                {product} {ergonomic}
   size_t MaxNewSize                               = 1240465408                                {product} {ergonomic}
   size_t MinHeapDeltaBytes                        = 1048576                                   {product} {ergonomic}
   size_t MinHeapSize                              = 8388608                                   {product} {ergonomic}
    uintx NonNMethodCodeHeapSize                   = 5839372                                {pd product} {ergonomic}
    uintx NonProfiledCodeHeapSize                  = 122909434                              {pd product} {ergonomic}
    uintx ProfiledCodeHeapSize                     = 122909434                              {pd product} {ergonomic}
    uintx ReservedCodeCacheSize                    = 251658240                              {pd product} {ergonomic}
     bool SegmentedCodeCache                       = true                                      {product} {ergonomic}
   size_t SoftMaxHeapSize                          = 2067791872                             {manageable} {ergonomic}
     bool UseCompressedClassPointers               = true                           {product lp64_product} {ergonomic}
     bool UseCompressedOops                        = true                           {product lp64_product} {ergonomic}
     bool UseG1GC                                  = true                                      {product} {ergonomic}
     bool UseLargePagesIndividualAllocation        = false                                  {pd product} {ergonomic}

Logging:
Log output configuration:
 #0: stdout all=off uptime,level,tags foldmultilines=false
 #1: stderr all=off uptime,level,tags foldmultilines=false

Environment Variables:
JAVA_HOME=C:\Users\erigu\AppData\Local\Programs\Eclipse Adoptium\jdk-17.0.7.7-hotspot\
PATH=C:\WINDOWS\system32;C:\WINDOWS;C:\WINDOWS\System32\Wbem;C:\WINDOWS\System32\WindowsPowerShell\v1.0\;C:\WINDOWS\System32\OpenSSH\;C:\Program Files\nodejs\;C:\Users\erigu\OneDrive\Desktop\linalg\bin;C:\Program Files\Git\cmd;C:\Users\erigu\AppData\Local\Programs\Eclipse Adoptium\jdk-17.0.7.7-hotspot\bin;C:\Users\erigu\AppData\Local\Microsoft\WindowsApps;C:\Users\erigu\AppData\Local\Programs\Microsoft VS Code\bin;C:\Users\erigu\AppData\Roaming\npm;C:\Users\erigu\mingw64\bin;C:\Users\erigu\mingw64\lib;
USERNAME=erigu
OS=Windows_NT
PROCESSOR_IDENTIFIER=Intel64 Family 6 Model 140 Stepping 1, GenuineIntel
TMP=C:\Users\erigu\AppData\Local\Temp
TEMP=C:\Users\erigu\AppData\Local\Temp




---------------  S Y S T E M  ---------------

OS:
 Windows 11 , 64 bit Build 22621 (10.0.22621.2215)
OS uptime: 0 days 1:11 hours

CPU: total 8 (initial active 8) (4 cores per cpu, 2 threads per core) family 6 model 140 stepping 1 microcode 0x86, cx8, cmov, fxsr, ht, mmx, 3dnowpref, sse, sse2, sse3, ssse3, sse4.1, sse4.2, popcnt, lzcnt, tsc, tscinvbit, avx, avx2, aes, erms, clmul, bmi1, bmi2, adx, avx512f, avx512dq, avx512cd, avx512bw, avx512vl, sha, fma, vzeroupper, avx512_vpopcntdq, avx512_vpclmulqdq, avx512_vaes, avx512_vnni, clflush, clflushopt, clwb, avx512_vbmi2, avx512_vbmi, rdtscp, rdpid, fsrm, gfni, avx512_bitalg, f16c, pku, cet_ibt, cet_ss, avx512_ifma

Memory: 4k page, system-wide physical 7883M (875M free)
TotalPageFile size 18635M (AvailPageFile size 8312M)
current process WorkingSet (physical memory assigned to process): 260M, peak: 263M
current process commit charge ("private bytes"): 312M, peak: 325M

vm_info: OpenJDK 64-Bit Server VM (20.0.2+9-78) for windows-amd64 JRE (20.0.2+9-78), built on 2023-06-14T10:08:48Z by "mach5one" with MS VC++ 17.1 (VS2022)

END.
